Using pre-set license
Built from '2021.3/staging' branch; Version is '2021.3.21f1 (1b156197d683) revision 1774945'; Using compiler version '192829333'; Build Type 'Release'
OS: 'Windows 11  (10.0.22621) 64bit Core' Language: 'de' Physical Memory: 16316 MB
BatchMode: 1, IsHumanControllingUs: 0, StartBugReporterOnCrash: 0, Is64bit: 1, IsPro: 1

COMMAND LINE ARGUMENTS:
C:\Program Files\Unity\Hub\Editor\2021.3.21f1\Editor\Unity.exe
-adb2
-batchMode
-noUpm
-name
AssetImportWorker1
-projectPath
C:/Users/luisa/GE1P
-logFile
Logs/AssetImportWorker1.log
-srvPort
52106
Successfully changed project path to: C:/Users/luisa/GE1P
C:/Users/luisa/GE1P
[UnityMemory] Configuration Parameters - Can be set up in boot.config
    "memorysetup-bucket-allocator-granularity=16"
    "memorysetup-bucket-allocator-bucket-count=8"
    "memorysetup-bucket-allocator-block-size=33554432"
    "memorysetup-bucket-allocator-block-count=8"
    "memorysetup-main-allocator-block-size=16777216"
    "memorysetup-thread-allocator-block-size=16777216"
    "memorysetup-gfx-main-allocator-block-size=16777216"
    "memorysetup-gfx-thread-allocator-block-size=16777216"
    "memorysetup-cache-allocator-block-size=4194304"
    "memorysetup-typetree-allocator-block-size=2097152"
    "memorysetup-profiler-bucket-allocator-granularity=16"
    "memorysetup-profiler-bucket-allocator-bucket-count=8"
    "memorysetup-profiler-bucket-allocator-block-size=33554432"
    "memorysetup-profiler-bucket-allocator-block-count=8"
    "memorysetup-profiler-allocator-block-size=16777216"
    "memorysetup-profiler-editor-allocator-block-size=1048576"
    "memorysetup-temp-allocator-size-main=16777216"
    "memorysetup-job-temp-allocator-block-size=2097152"
    "memorysetup-job-temp-allocator-block-size-background=1048576"
    "memorysetup-job-temp-allocator-reduction-small-platforms=262144"
    "memorysetup-temp-allocator-size-background-worker=32768"
    "memorysetup-temp-allocator-size-job-worker=262144"
    "memorysetup-temp-allocator-size-preload-manager=33554432"
    "memorysetup-temp-allocator-size-nav-mesh-worker=65536"
    "memorysetup-temp-allocator-size-audio-worker=65536"
    "memorysetup-temp-allocator-size-cloud-worker=32768"
    "memorysetup-temp-allocator-size-gi-baking-worker=262144"
    "memorysetup-temp-allocator-size-gfx=262144"
Player connection [25452] Host "[IP] 192.168.178.23 [Port] 0 [Flags] 2 [Guid] 151852647 [EditorId] 151852647 [Version] 1048832 [Id] WindowsEditor(7,Sigmaboi) [Debug] 1 [PackageName] WindowsEditor [ProjectName] Editor" joined multi-casting on [225.0.0.222:54997]...

Player connection [25452] Host "[IP] 192.168.178.23 [Port] 0 [Flags] 2 [Guid] 151852647 [EditorId] 151852647 [Version] 1048832 [Id] WindowsEditor(7,Sigmaboi) [Debug] 1 [PackageName] WindowsEditor [ProjectName] Editor" joined alternative multi-casting on [225.0.0.222:34997]...

Refreshing native plugins compatible for Editor in 147.08 ms, found 4 plugins.
Preloading 0 native plugins for Editor in 0.00 ms.
Initialize engine version: 2021.3.21f1 (1b156197d683)
[Subsystems] Discovering subsystems at path C:/Program Files/Unity/Hub/Editor/2021.3.21f1/Editor/Data/Resources/UnitySubsystems
[Subsystems] Discovering subsystems at path C:/Users/luisa/GE1P/Assets
GfxDevice: creating device client; threaded=0; jobified=0
Direct3D:
    Version:  Direct3D 11.0 [level 11.1]
    Renderer: NVIDIA GeForce RTX 2070 (ID=0x1f02)
    Vendor:   NVIDIA
    VRAM:     8019 MB
    Driver:   31.0.15.2824
Initialize mono
Mono path[0] = 'C:/Program Files/Unity/Hub/Editor/2021.3.21f1/Editor/Data/Managed'
Mono path[1] = 'C:/Program Files/Unity/Hub/Editor/2021.3.21f1/Editor/Data/MonoBleedingEdge/lib/mono/unityjit-win32'
Mono config path = 'C:/Program Files/Unity/Hub/Editor/2021.3.21f1/Editor/Data/MonoBleedingEdge/etc'
Using monoOptions --debugger-agent=transport=dt_socket,embedding=1,server=y,suspend=n,address=127.0.0.1:56688
Begin MonoManager ReloadAssembly
Registering precompiled unity dll's ...
Register platform support module: C:/Program Files/Unity/Hub/Editor/2021.3.21f1/Editor/Data/PlaybackEngines/WebGLSupport/UnityEditor.WebGL.Extensions.dll
Register platform support module: C:/Program Files/Unity/Hub/Editor/2021.3.21f1/Editor/Data/PlaybackEngines/WindowsStandaloneSupport/UnityEditor.WindowsStandalone.Extensions.dll
Registered in 0.011130 seconds.
Native extension for WindowsStandalone target not found
Native extension for WebGL target not found
Refreshing native plugins compatible for Editor in 148.67 ms, found 4 plugins.
Preloading 0 native plugins for Editor in 0.00 ms.
Mono: successfully reloaded assembly
- Completed reload, in  1.081 seconds
Domain Reload Profiling:
	ReloadAssembly (1082ms)
		BeginReloadAssembly (155ms)
			ExecutionOrderSort (0ms)
			DisableScriptedObjects (0ms)
			BackupInstance (0ms)
			ReleaseScriptingObjects (0ms)
			CreateAndSetChildDomain (1ms)
		EndReloadAssembly (763ms)
			LoadAssemblies (150ms)
			RebuildTransferFunctionScriptingTraits (0ms)
			SetupTypeCache (163ms)
			ReleaseScriptCaches (0ms)
			RebuildScriptCaches (43ms)
			SetupLoadedEditorAssemblies (477ms)
				LogAssemblyErrors (0ms)
				InitializePlatformSupportModulesInManaged (15ms)
				SetLoadedEditorAssemblies (0ms)
				RefreshPlugins (149ms)
				BeforeProcessingInitializeOnLoad (2ms)
				ProcessInitializeOnLoadAttributes (236ms)
				ProcessInitializeOnLoadMethodAttributes (76ms)
				AfterProcessingInitializeOnLoad (0ms)
				EditorAssembliesLoaded (0ms)
			ExecutionOrderSort2 (0ms)
			AwakeInstancesAfterBackupRestoration (0ms)
Platform modules already initialized, skipping
Registering precompiled user dll's ...
Registered in 0.014536 seconds.
Begin MonoManager ReloadAssembly
Symbol file LoadedFromMemory doesn't match image C:\Users\luisa\GE1P\Library\PackageCache\com.unity.visualscripting@1.8.0\Editor\VisualScripting.Core\Dependencies\YamlDotNet\Unity.VisualScripting.YamlDotNet.dll
Symbol file LoadedFromMemory doesn't match image C:\Users\luisa\GE1P\Library\PackageCache\com.unity.visualscripting@1.8.0\Editor\VisualScripting.Core\Dependencies\DotNetZip\Unity.VisualScripting.IonicZip.dll
Native extension for WindowsStandalone target not found
Native extension for WebGL target not found
Refreshing native plugins compatible for Editor in 149.44 ms, found 4 plugins.
Preloading 0 native plugins for Editor in 0.00 ms.
Mono: successfully reloaded assembly
- Completed reload, in  2.134 seconds
Domain Reload Profiling:
	ReloadAssembly (2135ms)
		BeginReloadAssembly (212ms)
			ExecutionOrderSort (0ms)
			DisableScriptedObjects (10ms)
			BackupInstance (0ms)
			ReleaseScriptingObjects (0ms)
			CreateAndSetChildDomain (33ms)
		EndReloadAssembly (1626ms)
			LoadAssemblies (177ms)
			RebuildTransferFunctionScriptingTraits (0ms)
			SetupTypeCache (420ms)
			ReleaseScriptCaches (1ms)
			RebuildScriptCaches (115ms)
			SetupLoadedEditorAssemblies (863ms)
				LogAssemblyErrors (0ms)
				InitializePlatformSupportModulesInManaged (9ms)
				SetLoadedEditorAssemblies (0ms)
				RefreshPlugins (150ms)
				BeforeProcessingInitializeOnLoad (148ms)
				ProcessInitializeOnLoadAttributes (475ms)
				ProcessInitializeOnLoadMethodAttributes (66ms)
				AfterProcessingInitializeOnLoad (15ms)
				EditorAssembliesLoaded (0ms)
			ExecutionOrderSort2 (0ms)
			AwakeInstancesAfterBackupRestoration (10ms)
Platform modules already initialized, skipping
========================================================================
Worker process is ready to serve import requests
Launched and connected shader compiler UnityShaderCompiler.exe after 0.08 seconds
Refreshing native plugins compatible for Editor in 1.73 ms, found 4 plugins.
Preloading 0 native plugins for Editor in 0.00 ms.
Unloading 4786 Unused Serialized files (Serialized files now loaded: 0)
Unloading 53 unused Assets / (130.4 KB). Loaded Objects now: 5270.
Memory consumption went from 174.5 MB to 174.4 MB.
Total: 10.201900 ms (FindLiveObjects: 0.779600 ms CreateObjectMapping: 0.424500 ms MarkObjects: 8.787900 ms  DeleteObjects: 0.207900 ms)

AssetImportParameters requested are different than current active one (requested -> active):
  custom:video-decoder-ogg-theora: a1e56fd34408186e4bbccfd4996cb3dc -> 
  custom:container-muxer-webm: aa71ff27fc2769a1b78a27578f13a17b -> 
  custom:container-demuxer-webm: 4f35f7cbe854078d1ac9338744f61a02 -> 
  custom:video-encoder-webm-vp8: eb34c28f22e8b96e1ab97ce403110664 -> 
  custom:video-codec-MediaFoundation-h265: 746d11721c4dcdbdad8f713fa42b33f4 -> 
  custom:audio-encoder-webm-vorbis: bf7c407c2cedff20999df2af8eb42d56 -> 
  custom:framework-win-MediaFoundation: 216162199b28c13a410421893ffa2e32 -> 
  custom:container-demuxer-ogg: 62fdf1f143b41e24485cea50d1cbac27 -> 
  custom:video-decoder-webm-vp8: 9c59270c3fd7afecdb556c50c9e8de78 -> 
  custom:audio-decoder-ogg-vorbis: bf7c407c2cedff20999df2af8eb42d56 -> 
========================================================================
Received Import Request.
  Time since last request: 767793.794084 seconds.
  path: Assets/Tiles/Coastlines_3.asset
  artifactKey: Guid(d50834e81f7ae80458c3b8c87bda3aeb) Importer(815301076,1909f56bfc062723c751e8b465ee728b)
Start importing Assets/Tiles/Coastlines_3.asset using Guid(d50834e81f7ae80458c3b8c87bda3aeb) Importer(815301076,1909f56bfc062723c751e8b465ee728b)  -> (artifact id: '23ac128fc787cb3abde173b069a2420a') in 0.204465 seconds 
========================================================================
Received Import Request.
  Time since last request: 0.000052 seconds.
  path: Assets/Tiles/Fences (metal)_4.asset
  artifactKey: Guid(4fd7856daa4d1ac4abf6922bd09f9a98) Importer(815301076,1909f56bfc062723c751e8b465ee728b)
Start importing Assets/Tiles/Fences (metal)_4.asset using Guid(4fd7856daa4d1ac4abf6922bd09f9a98) Importer(815301076,1909f56bfc062723c751e8b465ee728b)  -> (artifact id: '29de3bfa361595db4ed9e1c62458ecf5') in 0.048680 seconds 
========================================================================
Received Import Request.
  Time since last request: 0.000065 seconds.
  path: Assets/Tiles/Crops (berries)_1.asset
  artifactKey: Guid(192cd48c82d5dfe41b44b6bbd69a35f8) Importer(815301076,1909f56bfc062723c751e8b465ee728b)
Start importing Assets/Tiles/Crops (berries)_1.asset using Guid(192cd48c82d5dfe41b44b6bbd69a35f8) Importer(815301076,1909f56bfc062723c751e8b465ee728b)  -> (artifact id: 'e971c6b4c1f84a5707370b706768066e') in 0.070647 seconds 
========================================================================
Received Import Request.
  Time since last request: 0.000036 seconds.
  path: Assets/Tiles/Chest_small_3.asset
  artifactKey: Guid(833db76aad44e5843844dcd186385f2d) Importer(815301076,1909f56bfc062723c751e8b465ee728b)
Start importing Assets/Tiles/Chest_small_3.asset using Guid(833db76aad44e5843844dcd186385f2d) Importer(815301076,1909f56bfc062723c751e8b465ee728b)  -> (artifact id: '77ac205447be8e721ae3a8bd836f2cb7') in 0.068545 seconds 
========================================================================
Received Import Request.
  Time since last request: 0.000034 seconds.
  path: Assets/Tiles/Barrel.asset
  artifactKey: Guid(c5bdb20a3a1ba2d49ab6cd4f36c44581) Importer(815301076,1909f56bfc062723c751e8b465ee728b)
Start importing Assets/Tiles/Barrel.asset using Guid(c5bdb20a3a1ba2d49ab6cd4f36c44581) Importer(815301076,1909f56bfc062723c751e8b465ee728b)  -> (artifact id: 'b4ae27feef26b3f950721189c5ef9f2d') in 0.028207 seconds 
========================================================================
Received Import Request.
  Time since last request: 0.000048 seconds.
  path: Assets/Tiles/Coastlines_2.asset
  artifactKey: Guid(a66852172d615fd408b6cacb5fb7eb3a) Importer(815301076,1909f56bfc062723c751e8b465ee728b)
Start importing Assets/Tiles/Coastlines_2.asset using Guid(a66852172d615fd408b6cacb5fb7eb3a) Importer(815301076,1909f56bfc062723c751e8b465ee728b)  -> (artifact id: '198e0f5f1246cec3b5d0282e1153f4cd') in 0.031614 seconds 
========================================================================
Received Import Request.
  Time since last request: 0.000052 seconds.
  path: Assets/Tiles/Coastlines_0.asset
  artifactKey: Guid(367a37df92536d443b30e996c24a2d45) Importer(815301076,1909f56bfc062723c751e8b465ee728b)
Start importing Assets/Tiles/Coastlines_0.asset using Guid(367a37df92536d443b30e996c24a2d45) Importer(815301076,1909f56bfc062723c751e8b465ee728b)  -> (artifact id: 'c2a4b37161346e7267bc0a419ef33798') in 0.031031 seconds 
========================================================================
Received Import Request.
  Time since last request: 27.634301 seconds.
  path: Assets/Tiles/Fences (stone)_6.asset
  artifactKey: Guid(816953f6216ef6a4694703f1f8d35a7d) Importer(815301076,1909f56bfc062723c751e8b465ee728b)
Start importing Assets/Tiles/Fences (stone)_6.asset using Guid(816953f6216ef6a4694703f1f8d35a7d) Importer(815301076,1909f56bfc062723c751e8b465ee728b)  -> (artifact id: '9f54f814f18558c9750dcade1eac2823') in 0.038641 seconds 
========================================================================
Received Import Request.
  Time since last request: 0.000034 seconds.
  path: Assets/Tiles/Fences (wood)_13.asset
  artifactKey: Guid(939b3f210d6be7a4cbf7b709db250d05) Importer(815301076,1909f56bfc062723c751e8b465ee728b)
Start importing Assets/Tiles/Fences (wood)_13.asset using Guid(939b3f210d6be7a4cbf7b709db250d05) Importer(815301076,1909f56bfc062723c751e8b465ee728b)  -> (artifact id: '998fbcbe8c180f62e017e5101789b89b') in 0.033447 seconds 
========================================================================
Received Import Request.
  Time since last request: 0.000030 seconds.
  path: Assets/Tiles/Fences (wood)_5.asset
  artifactKey: Guid(0192f90325e94e740bb58660aa40b6d5) Importer(815301076,1909f56bfc062723c751e8b465ee728b)
Start importing Assets/Tiles/Fences (wood)_5.asset using Guid(0192f90325e94e740bb58660aa40b6d5) Importer(815301076,1909f56bfc062723c751e8b465ee728b)  -> (artifact id: '525338cecda7d0189863229b63c6a4bb') in 0.029991 seconds 
========================================================================
Received Import Request.
  Time since last request: 0.000119 seconds.
  path: Assets/Tiles/Grass_12.asset
  artifactKey: Guid(d1df3dcd7f3ad8e43a6ecbe20b5937d0) Importer(815301076,1909f56bfc062723c751e8b465ee728b)
Start importing Assets/Tiles/Grass_12.asset using Guid(d1df3dcd7f3ad8e43a6ecbe20b5937d0) Importer(815301076,1909f56bfc062723c751e8b465ee728b)  -> (artifact id: 'ba988f7dd5b741d88f08c35561dc2476') in 0.035420 seconds 
========================================================================
Received Import Request.
  Time since last request: 0.000030 seconds.
  path: Assets/Tiles/Fences (stone)_13.asset
  artifactKey: Guid(c4b7a9c8abd83904ab632b437c45fc44) Importer(815301076,1909f56bfc062723c751e8b465ee728b)
Start importing Assets/Tiles/Fences (stone)_13.asset using Guid(c4b7a9c8abd83904ab632b437c45fc44) Importer(815301076,1909f56bfc062723c751e8b465ee728b)  -> (artifact id: 'da7192996b75330338a7f185afdcb9c5') in 0.022557 seconds 
========================================================================
Received Import Request.
  Time since last request: 0.000039 seconds.
  path: Assets/Tiles/Fences (stone)_11.asset
  artifactKey: Guid(3b12e74fc2dca6542aca12ebbdea3f2d) Importer(815301076,1909f56bfc062723c751e8b465ee728b)
Start importing Assets/Tiles/Fences (stone)_11.asset using Guid(3b12e74fc2dca6542aca12ebbdea3f2d) Importer(815301076,1909f56bfc062723c751e8b465ee728b)  -> (artifact id: 'da17178060a5647e63a3d68a7ce8179a') in 0.029539 seconds 
========================================================================
Received Import Request.
  Time since last request: 0.128278 seconds.
  path: Assets/Tiles/Grass_19.asset
  artifactKey: Guid(ae65fe2007527534db58d5b7e0a59e0d) Importer(815301076,1909f56bfc062723c751e8b465ee728b)
Start importing Assets/Tiles/Grass_19.asset using Guid(ae65fe2007527534db58d5b7e0a59e0d) Importer(815301076,1909f56bfc062723c751e8b465ee728b)  -> (artifact id: '3d73d91500fe28b67d0ab097bc9f5200') in 0.032331 seconds 
========================================================================
Received Import Request.
  Time since last request: 0.000071 seconds.
  path: Assets/Tiles/House_1 (closed)_4.asset
  artifactKey: Guid(84393616d8d58e042b29876553fa61c1) Importer(815301076,1909f56bfc062723c751e8b465ee728b)
Start importing Assets/Tiles/House_1 (closed)_4.asset using Guid(84393616d8d58e042b29876553fa61c1) Importer(815301076,1909f56bfc062723c751e8b465ee728b)  -> (artifact id: '873c3a2c49ce0a795f1c8548fb954885') in 0.028302 seconds 
========================================================================
Received Import Request.
  Time since last request: 0.000040 seconds.
  path: Assets/Tiles/House_1 (closed)_16.asset
  artifactKey: Guid(3de49c6299c504f4caf01344c5b9ee1a) Importer(815301076,1909f56bfc062723c751e8b465ee728b)
Start importing Assets/Tiles/House_1 (closed)_16.asset using Guid(3de49c6299c504f4caf01344c5b9ee1a) Importer(815301076,1909f56bfc062723c751e8b465ee728b)  -> (artifact id: 'f853d08936631c30535d946cf77feb93') in 0.028020 seconds 
========================================================================
Received Import Request.
  Time since last request: 0.000052 seconds.
  path: Assets/Tiles/House_big_3 (closed)_3.asset
  artifactKey: Guid(fb5f8fa9ec13b5946973cb366a36bcad) Importer(815301076,1909f56bfc062723c751e8b465ee728b)
Start importing Assets/Tiles/House_big_3 (closed)_3.asset using Guid(fb5f8fa9ec13b5946973cb366a36bcad) Importer(815301076,1909f56bfc062723c751e8b465ee728b)  -> (artifact id: '2c62765aa99a1073a5c933ec16bdc3f7') in 0.023030 seconds 
========================================================================
Received Import Request.
  Time since last request: 0.000026 seconds.
  path: Assets/Tiles/House_big_3 (closed)_10.asset
  artifactKey: Guid(e77654111ddb89648ac9b0176cd6d5f6) Importer(815301076,1909f56bfc062723c751e8b465ee728b)
Start importing Assets/Tiles/House_big_3 (closed)_10.asset using Guid(e77654111ddb89648ac9b0176cd6d5f6) Importer(815301076,1909f56bfc062723c751e8b465ee728b)  -> (artifact id: 'a78bf19ad3a3dd74004dd9b9e764193e') in 0.026636 seconds 
========================================================================
Received Import Request.
  Time since last request: 0.000210 seconds.
  path: Assets/Tiles/House_big_3 (closed)_15.asset
  artifactKey: Guid(e89434a48ca64b94091b065735779285) Importer(815301076,1909f56bfc062723c751e8b465ee728b)
Start importing Assets/Tiles/House_big_3 (closed)_15.asset using Guid(e89434a48ca64b94091b065735779285) Importer(815301076,1909f56bfc062723c751e8b465ee728b)  -> (artifact id: '5f8317ff4b9b011ec4694acc2c95014a') in 0.036405 seconds 
========================================================================
Received Import Request.
  Time since last request: 0.234033 seconds.
  path: Assets/Tiles/House_big_3 (closed)_23.asset
  artifactKey: Guid(5c97844fe77e208459bb650573fa5a51) Importer(815301076,1909f56bfc062723c751e8b465ee728b)
Start importing Assets/Tiles/House_big_3 (closed)_23.asset using Guid(5c97844fe77e208459bb650573fa5a51) Importer(815301076,1909f56bfc062723c751e8b465ee728b)  -> (artifact id: 'ac9a00b7d8700c61b9e2ef74d8f84748') in 0.040242 seconds 
========================================================================
Received Import Request.
  Time since last request: 0.000041 seconds.
  path: Assets/Tiles/House_small_1 (closed)_13.asset
  artifactKey: Guid(2172be4257152f744b321d88f7a4c141) Importer(815301076,1909f56bfc062723c751e8b465ee728b)
Start importing Assets/Tiles/House_small_1 (closed)_13.asset using Guid(2172be4257152f744b321d88f7a4c141) Importer(815301076,1909f56bfc062723c751e8b465ee728b)  -> (artifact id: 'b494f59061ea793452423b26d13e6a37') in 0.033910 seconds 
========================================================================
Received Import Request.
  Time since last request: 0.000046 seconds.
  path: Assets/Tiles/Leaves_4.asset
  artifactKey: Guid(21c7eb568b1d4c941a27643f7dd096dd) Importer(815301076,1909f56bfc062723c751e8b465ee728b)
Start importing Assets/Tiles/Leaves_4.asset using Guid(21c7eb568b1d4c941a27643f7dd096dd) Importer(815301076,1909f56bfc062723c751e8b465ee728b)  -> (artifact id: '808ec833fdaf32e09d54e1d560004f16') in 0.030147 seconds 
========================================================================
Received Import Request.
  Time since last request: 0.000032 seconds.
  path: Assets/Tiles/House_small_1 (closed)_21.asset
  artifactKey: Guid(0f18882b47dc5f34789adf38cdddd2ff) Importer(815301076,1909f56bfc062723c751e8b465ee728b)
Start importing Assets/Tiles/House_small_1 (closed)_21.asset using Guid(0f18882b47dc5f34789adf38cdddd2ff) Importer(815301076,1909f56bfc062723c751e8b465ee728b)  -> (artifact id: '2b7cab5eccfff5c425b22a81ccd62ddf') in 0.028965 seconds 
========================================================================
Received Import Request.
  Time since last request: 0.000028 seconds.
  path: Assets/Tiles/Mausoleum_1_2.asset
  artifactKey: Guid(28ee530d6a3007b44af88b7ec24d9de0) Importer(815301076,1909f56bfc062723c751e8b465ee728b)
Start importing Assets/Tiles/Mausoleum_1_2.asset using Guid(28ee530d6a3007b44af88b7ec24d9de0) Importer(815301076,1909f56bfc062723c751e8b465ee728b)  -> (artifact id: '5440fc37febe1b59c03ce9ef155f762f') in 0.028367 seconds 
========================================================================
Received Import Request.
  Time since last request: 0.000031 seconds.
  path: Assets/Tiles/Leaves_1.asset
  artifactKey: Guid(9d34e13c0bd7e844abcd9280704e1e5a) Importer(815301076,1909f56bfc062723c751e8b465ee728b)
Start importing Assets/Tiles/Leaves_1.asset using Guid(9d34e13c0bd7e844abcd9280704e1e5a) Importer(815301076,1909f56bfc062723c751e8b465ee728b)  -> (artifact id: '5b2fd72aa2ca34fa44aecb58c5240636') in 0.041653 seconds 
========================================================================
Received Import Request.
  Time since last request: 0.075750 seconds.
  path: Assets/Tiles/Mausoleum_1_8.asset
  artifactKey: Guid(fb1530429ca2c0f4d8e11434e1384367) Importer(815301076,1909f56bfc062723c751e8b465ee728b)
Start importing Assets/Tiles/Mausoleum_1_8.asset using Guid(fb1530429ca2c0f4d8e11434e1384367) Importer(815301076,1909f56bfc062723c751e8b465ee728b)  -> (artifact id: '77112c2be2a92f8a0b0eb83497516aac') in 0.027309 seconds 
========================================================================
Received Import Request.
  Time since last request: 0.000029 seconds.
  path: Assets/Tiles/Roads_0.asset
  artifactKey: Guid(f1513b176f8efe6459a39410d9380a4f) Importer(815301076,1909f56bfc062723c751e8b465ee728b)
Start importing Assets/Tiles/Roads_0.asset using Guid(f1513b176f8efe6459a39410d9380a4f) Importer(815301076,1909f56bfc062723c751e8b465ee728b)  -> (artifact id: '6eac0826c24c532b1b6c67ee879455d0') in 0.032428 seconds 
========================================================================
Received Import Request.
  Time since last request: 0.000033 seconds.
  path: Assets/Tiles/Rock_2.asset
  artifactKey: Guid(6a964822557472049b7f333c29f31096) Importer(815301076,1909f56bfc062723c751e8b465ee728b)
Start importing Assets/Tiles/Rock_2.asset using Guid(6a964822557472049b7f333c29f31096) Importer(815301076,1909f56bfc062723c751e8b465ee728b)  -> (artifact id: '12572b1eb432982905f619a84d6d42bb') in 0.032916 seconds 
========================================================================
Received Import Request.
  Time since last request: 0.000028 seconds.
  path: Assets/Tiles/Roads_stone_2.asset
  artifactKey: Guid(261a9ed67b5ca864aa17769d27dd6528) Importer(815301076,1909f56bfc062723c751e8b465ee728b)
Start importing Assets/Tiles/Roads_stone_2.asset using Guid(261a9ed67b5ca864aa17769d27dd6528) Importer(815301076,1909f56bfc062723c751e8b465ee728b)  -> (artifact id: 'dbc13d586861b81a0e1f4ba320614182') in 0.037512 seconds 
========================================================================
Received Import Request.
  Time since last request: 0.000776 seconds.
  path: Assets/Tiles/Rock_3.asset
  artifactKey: Guid(ab8403641cf5fed40b3378c19efd2c8e) Importer(815301076,1909f56bfc062723c751e8b465ee728b)
Start importing Assets/Tiles/Rock_3.asset using Guid(ab8403641cf5fed40b3378c19efd2c8e) Importer(815301076,1909f56bfc062723c751e8b465ee728b)  -> (artifact id: '54d1de51ac371115b22ab0b32ec8de19') in 0.028752 seconds 
========================================================================
Received Import Request.
  Time since last request: 0.000051 seconds.
  path: Assets/Tiles/Tent_1_3.asset
  artifactKey: Guid(70dc342883d9988489fcbfff4480ddb7) Importer(815301076,1909f56bfc062723c751e8b465ee728b)
Start importing Assets/Tiles/Tent_1_3.asset using Guid(70dc342883d9988489fcbfff4480ddb7) Importer(815301076,1909f56bfc062723c751e8b465ee728b)  -> (artifact id: 'ffeb842715182b88f21efb673a0b6887') in 0.031099 seconds 
========================================================================
Received Import Request.
  Time since last request: 0.000077 seconds.
  path: Assets/Tiles/Roads_stone_5.asset
  artifactKey: Guid(38c3a56cc42f95c4a82d7db46559428e) Importer(815301076,1909f56bfc062723c751e8b465ee728b)
Start importing Assets/Tiles/Roads_stone_5.asset using Guid(38c3a56cc42f95c4a82d7db46559428e) Importer(815301076,1909f56bfc062723c751e8b465ee728b)  -> (artifact id: '8467c8e7f2b207244dc5ad3d3e8a2e66') in 0.039034 seconds 
========================================================================
Received Import Request.
  Time since last request: 0.000030 seconds.
  path: Assets/Tiles/Tent_1_1.asset
  artifactKey: Guid(4effa1f20c189db4eb0af033bf214733) Importer(815301076,1909f56bfc062723c751e8b465ee728b)
Start importing Assets/Tiles/Tent_1_1.asset using Guid(4effa1f20c189db4eb0af033bf214733) Importer(815301076,1909f56bfc062723c751e8b465ee728b)  -> (artifact id: 'd6e39a9c4eb13f3e9943d5662897ea35') in 0.051116 seconds 
========================================================================
Received Import Request.
  Time since last request: 3.173224 seconds.
  path: Assets/Sprites/Barrel_water.png
  artifactKey: Guid(85c21bc1faaa0a947800bfa5bc0babba) Importer(815301076,1909f56bfc062723c751e8b465ee728b)
Start importing Assets/Sprites/Barrel_water.png using Guid(85c21bc1faaa0a947800bfa5bc0babba) Importer(815301076,1909f56bfc062723c751e8b465ee728b)  -> (artifact id: '3e8dd58182659c4117906bf55e55038c') in 0.155284 seconds 
========================================================================
Received Import Request.
  Time since last request: 0.000035 seconds.
  path: Assets/Sprites/Fences (wood).png
  artifactKey: Guid(49822079491695749be15eaedaefa5b2) Importer(815301076,1909f56bfc062723c751e8b465ee728b)
Start importing Assets/Sprites/Fences (wood).png using Guid(49822079491695749be15eaedaefa5b2) Importer(815301076,1909f56bfc062723c751e8b465ee728b)  -> (artifact id: 'a0d489257b9ce07e4d30e7b4fe59a665') in 0.094230 seconds 
========================================================================
Received Import Request.
  Time since last request: 0.000053 seconds.
  path: Assets/Sprites/Crate.png
  artifactKey: Guid(6b35363e06195094d9af24cb600b6c0b) Importer(815301076,1909f56bfc062723c751e8b465ee728b)
Start importing Assets/Sprites/Crate.png using Guid(6b35363e06195094d9af24cb600b6c0b) Importer(815301076,1909f56bfc062723c751e8b465ee728b)  -> (artifact id: 'b39fe0c195ad5f3992bc939789ffcfc8') in 0.033406 seconds 
========================================================================
Received Import Request.
  Time since last request: 0.000036 seconds.
  path: Assets/Sprites/Mushroom_1.png
  artifactKey: Guid(ff6a77f34ff73f1479fcc79d84a9d728) Importer(815301076,1909f56bfc062723c751e8b465ee728b)
Start importing Assets/Sprites/Mushroom_1.png using Guid(ff6a77f34ff73f1479fcc79d84a9d728) Importer(815301076,1909f56bfc062723c751e8b465ee728b)  -> (artifact id: 'd9511c51609306ccb88aefd6642efba0') in 0.036528 seconds 
========================================================================
Received Import Request.
  Time since last request: 0.000033 seconds.
  path: Assets/Sprites/Coastlines.png
  artifactKey: Guid(bacc6aa0d37407349add93caa5e0ee4f) Importer(815301076,1909f56bfc062723c751e8b465ee728b)
Start importing Assets/Sprites/Coastlines.png using Guid(bacc6aa0d37407349add93caa5e0ee4f) Importer(815301076,1909f56bfc062723c751e8b465ee728b)  -> (artifact id: '5f7182cb9ea58d34fab053d7aae77ded') in 0.107817 seconds 
========================================================================
Received Import Request.
  Time since last request: 0.000032 seconds.
  path: Assets/Sprites/Fences (stone).png
  artifactKey: Guid(f27840b89191d124787ae235f3ddc902) Importer(815301076,1909f56bfc062723c751e8b465ee728b)
Start importing Assets/Sprites/Fences (stone).png using Guid(f27840b89191d124787ae235f3ddc902) Importer(815301076,1909f56bfc062723c751e8b465ee728b)  -> (artifact id: '41ea9a4ca1432256a6312717f3593aad') in 0.079939 seconds 
========================================================================
Received Import Request.
  Time since last request: 0.000998 seconds.
  path: Assets/Sprites/Torch.png
  artifactKey: Guid(6b546b4795f94a14dbcfc8de84da9118) Importer(815301076,1909f56bfc062723c751e8b465ee728b)
Start importing Assets/Sprites/Torch.png using Guid(6b546b4795f94a14dbcfc8de84da9118) Importer(815301076,1909f56bfc062723c751e8b465ee728b)  -> (artifact id: '293c74c9468a7b02f869b82cebadbd5c') in 0.043662 seconds 
========================================================================
Received Import Request.
  Time since last request: 0.000036 seconds.
  path: Assets/Sprites/Wooden sign (sword).png
  artifactKey: Guid(7551281fa5d0a5a4582ee6ca41ae5300) Importer(815301076,1909f56bfc062723c751e8b465ee728b)
Start importing Assets/Sprites/Wooden sign (sword).png using Guid(7551281fa5d0a5a4582ee6ca41ae5300) Importer(815301076,1909f56bfc062723c751e8b465ee728b)  -> (artifact id: 'f1bb4dac7d05468ea5e945197541e515') in 0.031001 seconds 
========================================================================
Received Import Request.
  Time since last request: 0.000046 seconds.
  path: Assets/Sprites/Wooden sign (arrow_left).png
  artifactKey: Guid(cbb8dfc890db9d04fbcc4600d979b7a5) Importer(815301076,1909f56bfc062723c751e8b465ee728b)
Start importing Assets/Sprites/Wooden sign (arrow_left).png using Guid(cbb8dfc890db9d04fbcc4600d979b7a5) Importer(815301076,1909f56bfc062723c751e8b465ee728b)  -> (artifact id: 'ce739fbece7961b72af04fe43325534b') in 0.037389 seconds 
Editor requested this worker to shutdown with reason: Scaling down because of idle timeout
AssetImportWorker is now disconnected from the server
Process exiting
Exiting without the bug reporter. Application will terminate with return code 0