Using pre-set license
Built from '2021.3/staging' branch; Version is '2021.3.21f1 (1b156197d683) revision 1774945'; Using compiler version '192829333'; Build Type 'Release'
OS: 'Windows 11  (10.0.22621) 64bit Core' Language: 'de' Physical Memory: 16316 MB
BatchMode: 1, IsHumanControllingUs: 0, StartBugReporterOnCrash: 0, Is64bit: 1, IsPro: 1

COMMAND LINE ARGUMENTS:
C:\Program Files\Unity\Hub\Editor\2021.3.21f1\Editor\Unity.exe
-adb2
-batchMode
-noUpm
-name
AssetImportWorker7
-projectPath
C:/Users/luisa/GE1P
-logFile
Logs/AssetImportWorker7.log
-srvPort
52106
Successfully changed project path to: C:/Users/luisa/GE1P
C:/Users/luisa/GE1P
[UnityMemory] Configuration Parameters - Can be set up in boot.config
    "memorysetup-bucket-allocator-granularity=16"
    "memorysetup-bucket-allocator-bucket-count=8"
    "memorysetup-bucket-allocator-block-size=33554432"
    "memorysetup-bucket-allocator-block-count=8"
    "memorysetup-main-allocator-block-size=16777216"
    "memorysetup-thread-allocator-block-size=16777216"
    "memorysetup-gfx-main-allocator-block-size=16777216"
    "memorysetup-gfx-thread-allocator-block-size=16777216"
    "memorysetup-cache-allocator-block-size=4194304"
    "memorysetup-typetree-allocator-block-size=2097152"
    "memorysetup-profiler-bucket-allocator-granularity=16"
    "memorysetup-profiler-bucket-allocator-bucket-count=8"
    "memorysetup-profiler-bucket-allocator-block-size=33554432"
    "memorysetup-profiler-bucket-allocator-block-count=8"
    "memorysetup-profiler-allocator-block-size=16777216"
    "memorysetup-profiler-editor-allocator-block-size=1048576"
    "memorysetup-temp-allocator-size-main=16777216"
    "memorysetup-job-temp-allocator-block-size=2097152"
    "memorysetup-job-temp-allocator-block-size-background=1048576"
    "memorysetup-job-temp-allocator-reduction-small-platforms=262144"
    "memorysetup-temp-allocator-size-background-worker=32768"
    "memorysetup-temp-allocator-size-job-worker=262144"
    "memorysetup-temp-allocator-size-preload-manager=33554432"
    "memorysetup-temp-allocator-size-nav-mesh-worker=65536"
    "memorysetup-temp-allocator-size-audio-worker=65536"
    "memorysetup-temp-allocator-size-cloud-worker=32768"
    "memorysetup-temp-allocator-size-gi-baking-worker=262144"
    "memorysetup-temp-allocator-size-gfx=262144"
Player connection [5500] Host "[IP] 192.168.178.23 [Port] 0 [Flags] 2 [Guid] 1587823336 [EditorId] 1587823336 [Version] 1048832 [Id] WindowsEditor(7,Sigmaboi) [Debug] 1 [PackageName] WindowsEditor [ProjectName] Editor" joined multi-casting on [225.0.0.222:54997]...

Player connection [5500] Host "[IP] 192.168.178.23 [Port] 0 [Flags] 2 [Guid] 1587823336 [EditorId] 1587823336 [Version] 1048832 [Id] WindowsEditor(7,Sigmaboi) [Debug] 1 [PackageName] WindowsEditor [ProjectName] Editor" joined alternative multi-casting on [225.0.0.222:34997]...

Refreshing native plugins compatible for Editor in 160.43 ms, found 4 plugins.
Preloading 0 native plugins for Editor in 0.00 ms.
Initialize engine version: 2021.3.21f1 (1b156197d683)
[Subsystems] Discovering subsystems at path C:/Program Files/Unity/Hub/Editor/2021.3.21f1/Editor/Data/Resources/UnitySubsystems
[Subsystems] Discovering subsystems at path C:/Users/luisa/GE1P/Assets
GfxDevice: creating device client; threaded=0; jobified=0
Direct3D:
    Version:  Direct3D 11.0 [level 11.1]
    Renderer: NVIDIA GeForce RTX 2070 (ID=0x1f02)
    Vendor:   NVIDIA
    VRAM:     8019 MB
    Driver:   31.0.15.2824
Initialize mono
Mono path[0] = 'C:/Program Files/Unity/Hub/Editor/2021.3.21f1/Editor/Data/Managed'
Mono path[1] = 'C:/Program Files/Unity/Hub/Editor/2021.3.21f1/Editor/Data/MonoBleedingEdge/lib/mono/unityjit-win32'
Mono config path = 'C:/Program Files/Unity/Hub/Editor/2021.3.21f1/Editor/Data/MonoBleedingEdge/etc'
Using monoOptions --debugger-agent=transport=dt_socket,embedding=1,server=y,suspend=n,address=127.0.0.1:56944
Begin MonoManager ReloadAssembly
Registering precompiled unity dll's ...
Register platform support module: C:/Program Files/Unity/Hub/Editor/2021.3.21f1/Editor/Data/PlaybackEngines/WebGLSupport/UnityEditor.WebGL.Extensions.dll
Register platform support module: C:/Program Files/Unity/Hub/Editor/2021.3.21f1/Editor/Data/PlaybackEngines/WindowsStandaloneSupport/UnityEditor.WindowsStandalone.Extensions.dll
Registered in 0.010909 seconds.
Native extension for WindowsStandalone target not found
Native extension for WebGL target not found
Refreshing native plugins compatible for Editor in 147.45 ms, found 4 plugins.
Preloading 0 native plugins for Editor in 0.00 ms.
Mono: successfully reloaded assembly
- Completed reload, in  1.106 seconds
Domain Reload Profiling:
	ReloadAssembly (1107ms)
		BeginReloadAssembly (146ms)
			ExecutionOrderSort (0ms)
			DisableScriptedObjects (0ms)
			BackupInstance (0ms)
			ReleaseScriptingObjects (0ms)
			CreateAndSetChildDomain (2ms)
		EndReloadAssembly (795ms)
			LoadAssemblies (140ms)
			RebuildTransferFunctionScriptingTraits (0ms)
			SetupTypeCache (172ms)
			ReleaseScriptCaches (0ms)
			RebuildScriptCaches (47ms)
			SetupLoadedEditorAssemblies (496ms)
				LogAssemblyErrors (0ms)
				InitializePlatformSupportModulesInManaged (14ms)
				SetLoadedEditorAssemblies (0ms)
				RefreshPlugins (148ms)
				BeforeProcessingInitializeOnLoad (1ms)
				ProcessInitializeOnLoadAttributes (248ms)
				ProcessInitializeOnLoadMethodAttributes (84ms)
				AfterProcessingInitializeOnLoad (0ms)
				EditorAssembliesLoaded (0ms)
			ExecutionOrderSort2 (0ms)
			AwakeInstancesAfterBackupRestoration (0ms)
Platform modules already initialized, skipping
Registering precompiled user dll's ...
Registered in 0.014983 seconds.
Begin MonoManager ReloadAssembly
Symbol file LoadedFromMemory doesn't match image C:\Users\luisa\GE1P\Library\PackageCache\com.unity.visualscripting@1.8.0\Editor\VisualScripting.Core\Dependencies\YamlDotNet\Unity.VisualScripting.YamlDotNet.dll
Symbol file LoadedFromMemory doesn't match image C:\Users\luisa\GE1P\Library\PackageCache\com.unity.visualscripting@1.8.0\Editor\VisualScripting.Core\Dependencies\DotNetZip\Unity.VisualScripting.IonicZip.dll
Native extension for WindowsStandalone target not found
Native extension for WebGL target not found
Refreshing native plugins compatible for Editor in 144.14 ms, found 4 plugins.
Preloading 0 native plugins for Editor in 0.00 ms.
Mono: successfully reloaded assembly
- Completed reload, in  2.120 seconds
Domain Reload Profiling:
	ReloadAssembly (2121ms)
		BeginReloadAssembly (257ms)
			ExecutionOrderSort (0ms)
			DisableScriptedObjects (10ms)
			BackupInstance (0ms)
			ReleaseScriptingObjects (0ms)
			CreateAndSetChildDomain (36ms)
		EndReloadAssembly (1613ms)
			LoadAssemblies (195ms)
			RebuildTransferFunctionScriptingTraits (0ms)
			SetupTypeCache (424ms)
			ReleaseScriptCaches (1ms)
			RebuildScriptCaches (113ms)
			SetupLoadedEditorAssemblies (863ms)
				LogAssemblyErrors (0ms)
				InitializePlatformSupportModulesInManaged (8ms)
				SetLoadedEditorAssemblies (0ms)
				RefreshPlugins (144ms)
				BeforeProcessingInitializeOnLoad (149ms)
				ProcessInitializeOnLoadAttributes (490ms)
				ProcessInitializeOnLoadMethodAttributes (58ms)
				AfterProcessingInitializeOnLoad (12ms)
				EditorAssembliesLoaded (0ms)
			ExecutionOrderSort2 (0ms)
			AwakeInstancesAfterBackupRestoration (9ms)
Platform modules already initialized, skipping
========================================================================
Worker process is ready to serve import requests
Launched and connected shader compiler UnityShaderCompiler.exe after 0.09 seconds
Refreshing native plugins compatible for Editor in 1.61 ms, found 4 plugins.
Preloading 0 native plugins for Editor in 0.00 ms.
Unloading 4786 Unused Serialized files (Serialized files now loaded: 0)
Unloading 53 unused Assets / (130.4 KB). Loaded Objects now: 5270.
Memory consumption went from 174.5 MB to 174.4 MB.
Total: 21.641700 ms (FindLiveObjects: 0.836300 ms CreateObjectMapping: 0.920400 ms MarkObjects: 19.681000 ms  DeleteObjects: 0.202400 ms)

AssetImportParameters requested are different than current active one (requested -> active):
  custom:video-decoder-ogg-theora: a1e56fd34408186e4bbccfd4996cb3dc -> 
  custom:container-muxer-webm: aa71ff27fc2769a1b78a27578f13a17b -> 
  custom:container-demuxer-webm: 4f35f7cbe854078d1ac9338744f61a02 -> 
  custom:video-encoder-webm-vp8: eb34c28f22e8b96e1ab97ce403110664 -> 
  custom:video-codec-MediaFoundation-h265: 746d11721c4dcdbdad8f713fa42b33f4 -> 
  custom:audio-encoder-webm-vorbis: bf7c407c2cedff20999df2af8eb42d56 -> 
  custom:framework-win-MediaFoundation: 216162199b28c13a410421893ffa2e32 -> 
  custom:container-demuxer-ogg: 62fdf1f143b41e24485cea50d1cbac27 -> 
  custom:video-decoder-webm-vp8: 9c59270c3fd7afecdb556c50c9e8de78 -> 
  custom:audio-decoder-ogg-vorbis: bf7c407c2cedff20999df2af8eb42d56 -> 
========================================================================
Received Import Request.
  Time since last request: 767793.874011 seconds.
  path: Assets/Tiles/Fences (metal)_6.asset
  artifactKey: Guid(c13eea73a30e2ac4b8d881785fdeb04e) Importer(815301076,1909f56bfc062723c751e8b465ee728b)
Start importing Assets/Tiles/Fences (metal)_6.asset using Guid(c13eea73a30e2ac4b8d881785fdeb04e) Importer(815301076,1909f56bfc062723c751e8b465ee728b)  -> (artifact id: 'a4e03253f8e238730992a193b3d47d4d') in 0.254526 seconds 
========================================================================
Received Import Request.
  Time since last request: 0.000054 seconds.
  path: Assets/Tiles/Coastlines_12.asset
  artifactKey: Guid(c97610c9d3cdfb64fa7978ccea921847) Importer(815301076,1909f56bfc062723c751e8b465ee728b)
Start importing Assets/Tiles/Coastlines_12.asset using Guid(c97610c9d3cdfb64fa7978ccea921847) Importer(815301076,1909f56bfc062723c751e8b465ee728b)  -> (artifact id: '0360529bcb34f41b3ee76cc671c55a69') in 0.034505 seconds 
========================================================================
Received Import Request.
  Time since last request: 0.000058 seconds.
  path: Assets/Tiles/Crops (carrot)_1.asset
  artifactKey: Guid(9c939b27736773c4c8096bc619f332b0) Importer(815301076,1909f56bfc062723c751e8b465ee728b)
Start importing Assets/Tiles/Crops (carrot)_1.asset using Guid(9c939b27736773c4c8096bc619f332b0) Importer(815301076,1909f56bfc062723c751e8b465ee728b)  -> (artifact id: '1533332c6a704ab161588be8a32bdf23') in 0.035615 seconds 
========================================================================
Received Import Request.
  Time since last request: 0.000037 seconds.
  path: Assets/Tiles/Barrel_water.asset
  artifactKey: Guid(54eb3796a48b35940b463b07a12174be) Importer(815301076,1909f56bfc062723c751e8b465ee728b)
Start importing Assets/Tiles/Barrel_water.asset using Guid(54eb3796a48b35940b463b07a12174be) Importer(815301076,1909f56bfc062723c751e8b465ee728b)  -> (artifact id: '65e8af15bc263699157779a6d6023de3') in 0.030772 seconds 
========================================================================
Received Import Request.
  Time since last request: 0.000168 seconds.
  path: Assets/Tiles/Coastlines_6.asset
  artifactKey: Guid(f257690084d4200419aab13d7b03c734) Importer(815301076,1909f56bfc062723c751e8b465ee728b)
Start importing Assets/Tiles/Coastlines_6.asset using Guid(f257690084d4200419aab13d7b03c734) Importer(815301076,1909f56bfc062723c751e8b465ee728b)  -> (artifact id: '184041f3946073d3967151e281242572') in 0.030927 seconds 
========================================================================
Received Import Request.
  Time since last request: 0.000025 seconds.
  path: Assets/Tiles/Fences (stone)_2.asset
  artifactKey: Guid(3597084678fd4c247b39593290f7e922) Importer(815301076,1909f56bfc062723c751e8b465ee728b)
Start importing Assets/Tiles/Fences (stone)_2.asset using Guid(3597084678fd4c247b39593290f7e922) Importer(815301076,1909f56bfc062723c751e8b465ee728b)  -> (artifact id: 'e9e5f9607d0a16a667ba0e8ac3ff0062') in 0.035000 seconds 
========================================================================
Received Import Request.
  Time since last request: 27.637769 seconds.
  path: Assets/Tiles/Fences (stone)_10.asset
  artifactKey: Guid(6421730c7596cb44fb26f35a69b48b22) Importer(815301076,1909f56bfc062723c751e8b465ee728b)
Start importing Assets/Tiles/Fences (stone)_10.asset using Guid(6421730c7596cb44fb26f35a69b48b22) Importer(815301076,1909f56bfc062723c751e8b465ee728b)  -> (artifact id: '7744379f577758ce7fd3ca91444e2988') in 0.034465 seconds 
========================================================================
Received Import Request.
  Time since last request: 0.000027 seconds.
  path: Assets/Tiles/Flower_7.asset
  artifactKey: Guid(88a02ef47869bb049923df7983a55742) Importer(815301076,1909f56bfc062723c751e8b465ee728b)
Start importing Assets/Tiles/Flower_7.asset using Guid(88a02ef47869bb049923df7983a55742) Importer(815301076,1909f56bfc062723c751e8b465ee728b)  -> (artifact id: '71534d2b7ed8758aae7119a50792ffe0') in 0.025005 seconds 
========================================================================
Received Import Request.
  Time since last request: 0.000039 seconds.
  path: Assets/Tiles/Fences (wood)_2.asset
  artifactKey: Guid(c33a2096bde623148ad307bf43bfda55) Importer(815301076,1909f56bfc062723c751e8b465ee728b)
Start importing Assets/Tiles/Fences (wood)_2.asset using Guid(c33a2096bde623148ad307bf43bfda55) Importer(815301076,1909f56bfc062723c751e8b465ee728b)  -> (artifact id: '39d805da5ad4b117dc1e3542e56a2c05') in 0.025066 seconds 
========================================================================
Received Import Request.
  Time since last request: 0.000056 seconds.
  path: Assets/Tiles/Grass_7.asset
  artifactKey: Guid(f608bf821c9925b439ed82e934ed7197) Importer(815301076,1909f56bfc062723c751e8b465ee728b)
Start importing Assets/Tiles/Grass_7.asset using Guid(f608bf821c9925b439ed82e934ed7197) Importer(815301076,1909f56bfc062723c751e8b465ee728b)  -> (artifact id: '6b8c0548e189968843187cb2bcfb74be') in 0.025762 seconds 
========================================================================
Received Import Request.
  Time since last request: 0.000039 seconds.
  path: Assets/Tiles/Grass_11.asset
  artifactKey: Guid(8d47dbf2f3c519d40ac3c16b2d1deb27) Importer(815301076,1909f56bfc062723c751e8b465ee728b)
Start importing Assets/Tiles/Grass_11.asset using Guid(8d47dbf2f3c519d40ac3c16b2d1deb27) Importer(815301076,1909f56bfc062723c751e8b465ee728b)  -> (artifact id: '95f6351047493296adcf40f248c0c0a9') in 0.024166 seconds 
========================================================================
Received Import Request.
  Time since last request: 0.000091 seconds.
  path: Assets/Tiles/Grass_0.asset
  artifactKey: Guid(f567864826e9afb479eba11ce8427959) Importer(815301076,1909f56bfc062723c751e8b465ee728b)
Start importing Assets/Tiles/Grass_0.asset using Guid(f567864826e9afb479eba11ce8427959) Importer(815301076,1909f56bfc062723c751e8b465ee728b)  -> (artifact id: 'f36a3b9b85e319cb1f2b0c002ea1a2dc') in 0.024990 seconds 
========================================================================
Received Import Request.
  Time since last request: 0.000035 seconds.
  path: Assets/Tiles/Flower_3.asset
  artifactKey: Guid(432c998b827d02f419753adbd65c5f09) Importer(815301076,1909f56bfc062723c751e8b465ee728b)
Start importing Assets/Tiles/Flower_3.asset using Guid(432c998b827d02f419753adbd65c5f09) Importer(815301076,1909f56bfc062723c751e8b465ee728b)  -> (artifact id: 'f530e52ac90496db12a0e0af47436655') in 0.023093 seconds 
========================================================================
Received Import Request.
  Time since last request: 0.112025 seconds.
  path: Assets/Tiles/Grass_23.asset
  artifactKey: Guid(7e93aa76db0a7164998914765c124ded) Importer(815301076,1909f56bfc062723c751e8b465ee728b)
Start importing Assets/Tiles/Grass_23.asset using Guid(7e93aa76db0a7164998914765c124ded) Importer(815301076,1909f56bfc062723c751e8b465ee728b)  -> (artifact id: '4e3eec01ca33116dd88921326bec5e89') in 0.030820 seconds 
========================================================================
Received Import Request.
  Time since last request: 0.000029 seconds.
  path: Assets/Tiles/House_1 (closed)_3.asset
  artifactKey: Guid(ac13ed68ef1bdb244a53a9eab02a5f16) Importer(815301076,1909f56bfc062723c751e8b465ee728b)
Start importing Assets/Tiles/House_1 (closed)_3.asset using Guid(ac13ed68ef1bdb244a53a9eab02a5f16) Importer(815301076,1909f56bfc062723c751e8b465ee728b)  -> (artifact id: '945d7a1782ca8b91e3cbbe821fb88751') in 0.025375 seconds 
========================================================================
Received Import Request.
  Time since last request: 0.000031 seconds.
  path: Assets/Tiles/House_1 (closed)_12.asset
  artifactKey: Guid(c6380c90b5d662440af16ef7c05e3d35) Importer(815301076,1909f56bfc062723c751e8b465ee728b)
Start importing Assets/Tiles/House_1 (closed)_12.asset using Guid(c6380c90b5d662440af16ef7c05e3d35) Importer(815301076,1909f56bfc062723c751e8b465ee728b)  -> (artifact id: '6cd591d3419eae086cffc1ac4ed5e0c3') in 0.024813 seconds 
========================================================================
Received Import Request.
  Time since last request: 0.000078 seconds.
  path: Assets/Tiles/House_big_3 (closed)_17.asset
  artifactKey: Guid(6e0a1fcd9cd13264aaad702213460eb6) Importer(815301076,1909f56bfc062723c751e8b465ee728b)
Start importing Assets/Tiles/House_big_3 (closed)_17.asset using Guid(6e0a1fcd9cd13264aaad702213460eb6) Importer(815301076,1909f56bfc062723c751e8b465ee728b)  -> (artifact id: 'ee6e6840b9397450467dd3016e809306') in 0.026475 seconds 
========================================================================
Received Import Request.
  Time since last request: 0.000033 seconds.
  path: Assets/Tiles/House_1 (closed)_11.asset
  artifactKey: Guid(0abc1a89e9fa0ab48945da20c2c76b82) Importer(815301076,1909f56bfc062723c751e8b465ee728b)
Start importing Assets/Tiles/House_1 (closed)_11.asset using Guid(0abc1a89e9fa0ab48945da20c2c76b82) Importer(815301076,1909f56bfc062723c751e8b465ee728b)  -> (artifact id: 'fa6c306891acb15053982dc32c322a77') in 0.023916 seconds 
========================================================================
Received Import Request.
  Time since last request: 0.000151 seconds.
  path: Assets/Tiles/House_big_3 (closed)_5.asset
  artifactKey: Guid(c5209d12ab716a848b5efeb94305067d) Importer(815301076,1909f56bfc062723c751e8b465ee728b)
Start importing Assets/Tiles/House_big_3 (closed)_5.asset using Guid(c5209d12ab716a848b5efeb94305067d) Importer(815301076,1909f56bfc062723c751e8b465ee728b)  -> (artifact id: 'ff202a42d139b1726b24b23add260d72') in 0.024468 seconds 
========================================================================
Received Import Request.
  Time since last request: 0.000069 seconds.
  path: Assets/Tiles/House_1 (closed)_7.asset
  artifactKey: Guid(f1df3056be64e964aac078cafe809a04) Importer(815301076,1909f56bfc062723c751e8b465ee728b)
Start importing Assets/Tiles/House_1 (closed)_7.asset using Guid(f1df3056be64e964aac078cafe809a04) Importer(815301076,1909f56bfc062723c751e8b465ee728b)  -> (artifact id: '4915344d614cd4b453b07ad968739565') in 0.028766 seconds 
========================================================================
Received Import Request.
  Time since last request: 0.225083 seconds.
  path: Assets/Tiles/House_big_3 (closed)_27.asset
  artifactKey: Guid(624c93f88f4fda545982c6bee748ed85) Importer(815301076,1909f56bfc062723c751e8b465ee728b)
Start importing Assets/Tiles/House_big_3 (closed)_27.asset using Guid(624c93f88f4fda545982c6bee748ed85) Importer(815301076,1909f56bfc062723c751e8b465ee728b)  -> (artifact id: 'ae0a6104f3609d22a148398e842aeb28') in 0.029310 seconds 
========================================================================
Received Import Request.
  Time since last request: 0.000034 seconds.
  path: Assets/Tiles/House_big_3 (closed)_41.asset
  artifactKey: Guid(b625ec96803df174e8453d38d1f4cb53) Importer(815301076,1909f56bfc062723c751e8b465ee728b)
Start importing Assets/Tiles/House_big_3 (closed)_41.asset using Guid(b625ec96803df174e8453d38d1f4cb53) Importer(815301076,1909f56bfc062723c751e8b465ee728b)  -> (artifact id: 'd7606f97daa604a59896bc519efa632a') in 0.028042 seconds 
========================================================================
Received Import Request.
  Time since last request: 0.000032 seconds.
  path: Assets/Tiles/House_small_1 (closed)_20.asset
  artifactKey: Guid(87c2a9d9ca20e8f46ad87255e69ab627) Importer(815301076,1909f56bfc062723c751e8b465ee728b)
Start importing Assets/Tiles/House_small_1 (closed)_20.asset using Guid(87c2a9d9ca20e8f46ad87255e69ab627) Importer(815301076,1909f56bfc062723c751e8b465ee728b)  -> (artifact id: 'b969d5510bad3f831792c0d79f15462f') in 0.028250 seconds 
========================================================================
Received Import Request.
  Time since last request: 0.000035 seconds.
  path: Assets/Tiles/House_small_1 (closed)_10.asset
  artifactKey: Guid(2bb345074c9f7654082a857a3ff85adb) Importer(815301076,1909f56bfc062723c751e8b465ee728b)
Start importing Assets/Tiles/House_small_1 (closed)_10.asset using Guid(2bb345074c9f7654082a857a3ff85adb) Importer(815301076,1909f56bfc062723c751e8b465ee728b)  -> (artifact id: '1ff0f689846140a7dca36205a44a2821') in 0.024581 seconds 
========================================================================
Received Import Request.
  Time since last request: 0.000179 seconds.
  path: Assets/Tiles/House_big_3 (closed)_38.asset
  artifactKey: Guid(46138a0696c8f28418b818510b2ef349) Importer(815301076,1909f56bfc062723c751e8b465ee728b)
Start importing Assets/Tiles/House_big_3 (closed)_38.asset using Guid(46138a0696c8f28418b818510b2ef349) Importer(815301076,1909f56bfc062723c751e8b465ee728b)  -> (artifact id: '0b0893c37db95320e7d8e121153352d3') in 0.023753 seconds 
========================================================================
Received Import Request.
  Time since last request: 0.000031 seconds.
  path: Assets/Tiles/House_big_3 (closed)_40.asset
  artifactKey: Guid(b25a8cb522048804792440ffbd035c30) Importer(815301076,1909f56bfc062723c751e8b465ee728b)
Start importing Assets/Tiles/House_big_3 (closed)_40.asset using Guid(b25a8cb522048804792440ffbd035c30) Importer(815301076,1909f56bfc062723c751e8b465ee728b)  -> (artifact id: '9f0bd5c337de39ae812b7433b3c875d5') in 0.043348 seconds 
========================================================================
Received Import Request.
  Time since last request: 0.000037 seconds.
  path: Assets/Tiles/Mausoleum_1_1.asset
  artifactKey: Guid(3b91a9efe8c17b942aa8821c13d097d8) Importer(815301076,1909f56bfc062723c751e8b465ee728b)
Start importing Assets/Tiles/Mausoleum_1_1.asset using Guid(3b91a9efe8c17b942aa8821c13d097d8) Importer(815301076,1909f56bfc062723c751e8b465ee728b)  -> (artifact id: 'be13127517310c42e0cfbf1db81d5316') in 0.025698 seconds 
========================================================================
Received Import Request.
  Time since last request: 0.070383 seconds.
  path: Assets/Tiles/Mausoleum_1_12.asset
  artifactKey: Guid(d66bde0ea07c3684095dfc48de407f4a) Importer(815301076,1909f56bfc062723c751e8b465ee728b)
Start importing Assets/Tiles/Mausoleum_1_12.asset using Guid(d66bde0ea07c3684095dfc48de407f4a) Importer(815301076,1909f56bfc062723c751e8b465ee728b)  -> (artifact id: '195b6b01b7c1db00b48e9c633314084d') in 0.032807 seconds 
========================================================================
Received Import Request.
  Time since last request: 0.000020 seconds.
  path: Assets/Tiles/Roads_2.asset
  artifactKey: Guid(2c75e3c3427f6124f90fc0331a3bf4b6) Importer(815301076,1909f56bfc062723c751e8b465ee728b)
Start importing Assets/Tiles/Roads_2.asset using Guid(2c75e3c3427f6124f90fc0331a3bf4b6) Importer(815301076,1909f56bfc062723c751e8b465ee728b)  -> (artifact id: '839e68a04d484ad8a5071a7e1c65cd40') in 0.030949 seconds 
========================================================================
Received Import Request.
  Time since last request: 0.000033 seconds.
  path: Assets/Tiles/Roads_stone_16.asset
  artifactKey: Guid(ca6d5e6625345cb49812ce800087b9df) Importer(815301076,1909f56bfc062723c751e8b465ee728b)
Start importing Assets/Tiles/Roads_stone_16.asset using Guid(ca6d5e6625345cb49812ce800087b9df) Importer(815301076,1909f56bfc062723c751e8b465ee728b)  -> (artifact id: 'e25063e1c8776226d6f1344ea50c9ee8') in 0.028234 seconds 
========================================================================
Received Import Request.
  Time since last request: 0.000031 seconds.
  path: Assets/Tiles/Mausoleum_1_14.asset
  artifactKey: Guid(2f8ee8db892e95e469fb3c99fe38bb6c) Importer(815301076,1909f56bfc062723c751e8b465ee728b)
Start importing Assets/Tiles/Mausoleum_1_14.asset using Guid(2f8ee8db892e95e469fb3c99fe38bb6c) Importer(815301076,1909f56bfc062723c751e8b465ee728b)  -> (artifact id: '90529cb118f693d3a778e924d21ada03') in 0.024698 seconds 
========================================================================
Received Import Request.
  Time since last request: 0.000049 seconds.
  path: Assets/Tiles/Tent_1_4.asset
  artifactKey: Guid(d19004a702c53e74285662c04b86e111) Importer(815301076,1909f56bfc062723c751e8b465ee728b)
Start importing Assets/Tiles/Tent_1_4.asset using Guid(d19004a702c53e74285662c04b86e111) Importer(815301076,1909f56bfc062723c751e8b465ee728b)  -> (artifact id: '1c7aaaeb6d8c74f15d4421c23b6af9d3') in 0.028527 seconds 
========================================================================
Received Import Request.
  Time since last request: 0.000036 seconds.
  path: Assets/Tiles/Tree_small_2_1.asset
  artifactKey: Guid(dd1e86d2918f2c842929ea796f341386) Importer(815301076,1909f56bfc062723c751e8b465ee728b)
Start importing Assets/Tiles/Tree_small_2_1.asset using Guid(dd1e86d2918f2c842929ea796f341386) Importer(815301076,1909f56bfc062723c751e8b465ee728b)  -> (artifact id: '3f8c2da091bad17462663f739363339b') in 0.027820 seconds 
========================================================================
Received Import Request.
  Time since last request: 0.000399 seconds.
  path: Assets/Tiles/Tree stump.asset
  artifactKey: Guid(f6153163d2c9a1746b862bce198cad9f) Importer(815301076,1909f56bfc062723c751e8b465ee728b)
Start importing Assets/Tiles/Tree stump.asset using Guid(f6153163d2c9a1746b862bce198cad9f) Importer(815301076,1909f56bfc062723c751e8b465ee728b)  -> (artifact id: 'fdf90f6ca3fc8e345c63a3355466a8df') in 0.029240 seconds 
========================================================================
Received Import Request.
  Time since last request: 0.000030 seconds.
  path: Assets/Tiles/Roads_10.asset
  artifactKey: Guid(4c729e4a15f41ef44950c0a4c6bd868a) Importer(815301076,1909f56bfc062723c751e8b465ee728b)
Start importing Assets/Tiles/Roads_10.asset using Guid(4c729e4a15f41ef44950c0a4c6bd868a) Importer(815301076,1909f56bfc062723c751e8b465ee728b)  -> (artifact id: '043236c7b2f14d2fd10676d61745c49a') in 0.033850 seconds 
========================================================================
Received Import Request.
  Time since last request: 0.000032 seconds.
  path: Assets/Tiles/Orange.asset
  artifactKey: Guid(c70c7ea80fabb4741940e39c5e4520c9) Importer(815301076,1909f56bfc062723c751e8b465ee728b)
Start importing Assets/Tiles/Orange.asset using Guid(c70c7ea80fabb4741940e39c5e4520c9) Importer(815301076,1909f56bfc062723c751e8b465ee728b)  -> (artifact id: '808545e75c7e7cbc1a899b3d578217fa') in 0.029240 seconds 
========================================================================
Received Import Request.
  Time since last request: 3.151356 seconds.
  path: Assets/Sprites/Chest_small.png
  artifactKey: Guid(81a3aad38999a524080f24a66585fae7) Importer(815301076,1909f56bfc062723c751e8b465ee728b)
Start importing Assets/Sprites/Chest_small.png using Guid(81a3aad38999a524080f24a66585fae7) Importer(815301076,1909f56bfc062723c751e8b465ee728b)  -> (artifact id: 'f09c814e6f67e45b0db76af2960e258a') in 0.189126 seconds 
========================================================================
Received Import Request.
  Time since last request: 0.000040 seconds.
  path: Assets/Sprites/Flower_1.png
  artifactKey: Guid(0d2f3d9ea5f404140acda0460f0f4e72) Importer(815301076,1909f56bfc062723c751e8b465ee728b)
Start importing Assets/Sprites/Flower_1.png using Guid(0d2f3d9ea5f404140acda0460f0f4e72) Importer(815301076,1909f56bfc062723c751e8b465ee728b)  -> (artifact id: 'b5fa8bc1fb6f3109e54396b946a65bfb') in 0.034679 seconds 
========================================================================
Received Import Request.
  Time since last request: 0.000050 seconds.
  path: Assets/Sprites/Flower_3.png
  artifactKey: Guid(562554c517fc566489c5ab62fb1dc363) Importer(815301076,1909f56bfc062723c751e8b465ee728b)
Start importing Assets/Sprites/Flower_3.png using Guid(562554c517fc566489c5ab62fb1dc363) Importer(815301076,1909f56bfc062723c751e8b465ee728b)  -> (artifact id: '3a5fa3249ea6c7232bd7b111b614b54e') in 0.033341 seconds 
========================================================================
Received Import Request.
  Time since last request: 0.000039 seconds.
  path: Assets/Sprites/Potion_blue.png
  artifactKey: Guid(3deeaa68fb64cff469a2e82ebb1e4e0f) Importer(815301076,1909f56bfc062723c751e8b465ee728b)
Start importing Assets/Sprites/Potion_blue.png using Guid(3deeaa68fb64cff469a2e82ebb1e4e0f) Importer(815301076,1909f56bfc062723c751e8b465ee728b)  -> (artifact id: '14d50d63b62545ff67a7bac58445307f') in 0.031005 seconds 
========================================================================
Received Import Request.
  Time since last request: 0.000036 seconds.
  path: Assets/Sprites/Mushroom_4.png
  artifactKey: Guid(d0472ad491483f845bf724b9c1dafce9) Importer(815301076,1909f56bfc062723c751e8b465ee728b)
Start importing Assets/Sprites/Mushroom_4.png using Guid(d0472ad491483f845bf724b9c1dafce9) Importer(815301076,1909f56bfc062723c751e8b465ee728b)  -> (artifact id: '68503e544dc2896e5750b6043a2261c0') in 0.061026 seconds 
========================================================================
Received Import Request.
  Time since last request: 0.000029 seconds.
  path: Assets/Sprites/Flower_6.png
  artifactKey: Guid(4b79f51c6ab06f14da299152e094d0ec) Importer(815301076,1909f56bfc062723c751e8b465ee728b)
Start importing Assets/Sprites/Flower_6.png using Guid(4b79f51c6ab06f14da299152e094d0ec) Importer(815301076,1909f56bfc062723c751e8b465ee728b)  -> (artifact id: '8ceba6ebac9821963cd75bd0e551963f') in 0.030838 seconds 
========================================================================
Received Import Request.
  Time since last request: 0.000034 seconds.
  path: Assets/Sprites/Flower_5.png
  artifactKey: Guid(b47bd61ad4a7b5240ad093bbfd3ab8d6) Importer(815301076,1909f56bfc062723c751e8b465ee728b)
Start importing Assets/Sprites/Flower_5.png using Guid(b47bd61ad4a7b5240ad093bbfd3ab8d6) Importer(815301076,1909f56bfc062723c751e8b465ee728b)  -> (artifact id: '08afb2c6c88bb2f159c3b319c4b39469') in 0.033223 seconds 
========================================================================
Received Import Request.
  Time since last request: 0.000050 seconds.
  path: Assets/Sprites/Mausoleum_1.png
  artifactKey: Guid(7a57f46085f5bef49a17493ecaae311e) Importer(815301076,1909f56bfc062723c751e8b465ee728b)
Start importing Assets/Sprites/Mausoleum_1.png using Guid(7a57f46085f5bef49a17493ecaae311e) Importer(815301076,1909f56bfc062723c751e8b465ee728b)  -> (artifact id: 'ee296e4729076c5583ff6519fbff8ba4') in 0.076452 seconds 
========================================================================
Received Import Request.
  Time since last request: 0.000035 seconds.
  path: Assets/Sprites/Wooden sign (arrow_up).png
  artifactKey: Guid(aeb703a7658d8944a918770d01913275) Importer(815301076,1909f56bfc062723c751e8b465ee728b)
Start importing Assets/Sprites/Wooden sign (arrow_up).png using Guid(aeb703a7658d8944a918770d01913275) Importer(815301076,1909f56bfc062723c751e8b465ee728b)  -> (artifact id: '97590f0eddd7a910078b8502ed3882e2') in 0.033082 seconds 
========================================================================
Received Import Request.
  Time since last request: 0.000026 seconds.
  path: Assets/Sprites/Well_1.png
  artifactKey: Guid(3267c9c3a4335b94d950bcac0593a0db) Importer(815301076,1909f56bfc062723c751e8b465ee728b)
Start importing Assets/Sprites/Well_1.png using Guid(3267c9c3a4335b94d950bcac0593a0db) Importer(815301076,1909f56bfc062723c751e8b465ee728b)  -> (artifact id: 'a1b55cb30be854c09c3acf6f57f9fe19') in 0.043489 seconds 
Editor requested this worker to shutdown with reason: Scaling down because of idle timeout
AssetImportWorker is now disconnected from the server
Process exiting
Exiting without the bug reporter. Application will terminate with return code 0