Using pre-set license
Built from '2021.3/staging' branch; Version is '2021.3.21f1 (1b156197d683) revision 1774945'; Using compiler version '192829333'; Build Type 'Release'
OS: 'Windows 11  (10.0.22621) 64bit Core' Language: 'de' Physical Memory: 16316 MB
BatchMode: 1, IsHumanControllingUs: 0, StartBugReporterOnCrash: 0, Is64bit: 1, IsPro: 1

COMMAND LINE ARGUMENTS:
C:\Program Files\Unity\Hub\Editor\2021.3.21f1\Editor\Unity.exe
-adb2
-batchMode
-noUpm
-name
AssetImportWorker3
-projectPath
C:/Users/luisa/GE1P
-logFile
Logs/AssetImportWorker3.log
-srvPort
52106
Successfully changed project path to: C:/Users/luisa/GE1P
C:/Users/luisa/GE1P
[UnityMemory] Configuration Parameters - Can be set up in boot.config
    "memorysetup-bucket-allocator-granularity=16"
    "memorysetup-bucket-allocator-bucket-count=8"
    "memorysetup-bucket-allocator-block-size=33554432"
    "memorysetup-bucket-allocator-block-count=8"
    "memorysetup-main-allocator-block-size=16777216"
    "memorysetup-thread-allocator-block-size=16777216"
    "memorysetup-gfx-main-allocator-block-size=16777216"
    "memorysetup-gfx-thread-allocator-block-size=16777216"
    "memorysetup-cache-allocator-block-size=4194304"
    "memorysetup-typetree-allocator-block-size=2097152"
    "memorysetup-profiler-bucket-allocator-granularity=16"
    "memorysetup-profiler-bucket-allocator-bucket-count=8"
    "memorysetup-profiler-bucket-allocator-block-size=33554432"
    "memorysetup-profiler-bucket-allocator-block-count=8"
    "memorysetup-profiler-allocator-block-size=16777216"
    "memorysetup-profiler-editor-allocator-block-size=1048576"
    "memorysetup-temp-allocator-size-main=16777216"
    "memorysetup-job-temp-allocator-block-size=2097152"
    "memorysetup-job-temp-allocator-block-size-background=1048576"
    "memorysetup-job-temp-allocator-reduction-small-platforms=262144"
    "memorysetup-temp-allocator-size-background-worker=32768"
    "memorysetup-temp-allocator-size-job-worker=262144"
    "memorysetup-temp-allocator-size-preload-manager=33554432"
    "memorysetup-temp-allocator-size-nav-mesh-worker=65536"
    "memorysetup-temp-allocator-size-audio-worker=65536"
    "memorysetup-temp-allocator-size-cloud-worker=32768"
    "memorysetup-temp-allocator-size-gi-baking-worker=262144"
    "memorysetup-temp-allocator-size-gfx=262144"
Player connection [11764] Host "[IP] 192.168.178.23 [Port] 0 [Flags] 2 [Guid] 1957297620 [EditorId] 1957297620 [Version] 1048832 [Id] WindowsEditor(7,Sigmaboi) [Debug] 1 [PackageName] WindowsEditor [ProjectName] Editor" joined multi-casting on [225.0.0.222:54997]...

Player connection [11764] Host "[IP] 192.168.178.23 [Port] 0 [Flags] 2 [Guid] 1957297620 [EditorId] 1957297620 [Version] 1048832 [Id] WindowsEditor(7,Sigmaboi) [Debug] 1 [PackageName] WindowsEditor [ProjectName] Editor" joined alternative multi-casting on [225.0.0.222:34997]...

Refreshing native plugins compatible for Editor in 146.32 ms, found 4 plugins.
Preloading 0 native plugins for Editor in 0.00 ms.
Initialize engine version: 2021.3.21f1 (1b156197d683)
[Subsystems] Discovering subsystems at path C:/Program Files/Unity/Hub/Editor/2021.3.21f1/Editor/Data/Resources/UnitySubsystems
[Subsystems] Discovering subsystems at path C:/Users/luisa/GE1P/Assets
GfxDevice: creating device client; threaded=0; jobified=0
Direct3D:
    Version:  Direct3D 11.0 [level 11.1]
    Renderer: NVIDIA GeForce RTX 2070 (ID=0x1f02)
    Vendor:   NVIDIA
    VRAM:     8019 MB
    Driver:   31.0.15.2824
Initialize mono
Mono path[0] = 'C:/Program Files/Unity/Hub/Editor/2021.3.21f1/Editor/Data/Managed'
Mono path[1] = 'C:/Program Files/Unity/Hub/Editor/2021.3.21f1/Editor/Data/MonoBleedingEdge/lib/mono/unityjit-win32'
Mono config path = 'C:/Program Files/Unity/Hub/Editor/2021.3.21f1/Editor/Data/MonoBleedingEdge/etc'
Using monoOptions --debugger-agent=transport=dt_socket,embedding=1,server=y,suspend=n,address=127.0.0.1:56768
Begin MonoManager ReloadAssembly
Registering precompiled unity dll's ...
Register platform support module: C:/Program Files/Unity/Hub/Editor/2021.3.21f1/Editor/Data/PlaybackEngines/WebGLSupport/UnityEditor.WebGL.Extensions.dll
Register platform support module: C:/Program Files/Unity/Hub/Editor/2021.3.21f1/Editor/Data/PlaybackEngines/WindowsStandaloneSupport/UnityEditor.WindowsStandalone.Extensions.dll
Registered in 0.009506 seconds.
Native extension for WindowsStandalone target not found
Native extension for WebGL target not found
Refreshing native plugins compatible for Editor in 150.25 ms, found 4 plugins.
Preloading 0 native plugins for Editor in 0.00 ms.
Mono: successfully reloaded assembly
- Completed reload, in  1.103 seconds
Domain Reload Profiling:
	ReloadAssembly (1104ms)
		BeginReloadAssembly (152ms)
			ExecutionOrderSort (0ms)
			DisableScriptedObjects (0ms)
			BackupInstance (0ms)
			ReleaseScriptingObjects (0ms)
			CreateAndSetChildDomain (1ms)
		EndReloadAssembly (779ms)
			LoadAssemblies (149ms)
			RebuildTransferFunctionScriptingTraits (0ms)
			SetupTypeCache (169ms)
			ReleaseScriptCaches (0ms)
			RebuildScriptCaches (43ms)
			SetupLoadedEditorAssemblies (485ms)
				LogAssemblyErrors (0ms)
				InitializePlatformSupportModulesInManaged (13ms)
				SetLoadedEditorAssemblies (0ms)
				RefreshPlugins (150ms)
				BeforeProcessingInitializeOnLoad (2ms)
				ProcessInitializeOnLoadAttributes (244ms)
				ProcessInitializeOnLoadMethodAttributes (75ms)
				AfterProcessingInitializeOnLoad (0ms)
				EditorAssembliesLoaded (0ms)
			ExecutionOrderSort2 (0ms)
			AwakeInstancesAfterBackupRestoration (0ms)
Platform modules already initialized, skipping
Registering precompiled user dll's ...
Registered in 0.014762 seconds.
Begin MonoManager ReloadAssembly
Symbol file LoadedFromMemory doesn't match image C:\Users\luisa\GE1P\Library\PackageCache\com.unity.visualscripting@1.8.0\Editor\VisualScripting.Core\Dependencies\YamlDotNet\Unity.VisualScripting.YamlDotNet.dll
Symbol file LoadedFromMemory doesn't match image C:\Users\luisa\GE1P\Library\PackageCache\com.unity.visualscripting@1.8.0\Editor\VisualScripting.Core\Dependencies\DotNetZip\Unity.VisualScripting.IonicZip.dll
Native extension for WindowsStandalone target not found
Native extension for WebGL target not found
Refreshing native plugins compatible for Editor in 149.04 ms, found 4 plugins.
Preloading 0 native plugins for Editor in 0.00 ms.
Mono: successfully reloaded assembly
- Completed reload, in  2.157 seconds
Domain Reload Profiling:
	ReloadAssembly (2158ms)
		BeginReloadAssembly (205ms)
			ExecutionOrderSort (0ms)
			DisableScriptedObjects (10ms)
			BackupInstance (0ms)
			ReleaseScriptingObjects (0ms)
			CreateAndSetChildDomain (29ms)
		EndReloadAssembly (1679ms)
			LoadAssemblies (175ms)
			RebuildTransferFunctionScriptingTraits (0ms)
			SetupTypeCache (437ms)
			ReleaseScriptCaches (1ms)
			RebuildScriptCaches (133ms)
			SetupLoadedEditorAssemblies (867ms)
				LogAssemblyErrors (0ms)
				InitializePlatformSupportModulesInManaged (10ms)
				SetLoadedEditorAssemblies (0ms)
				RefreshPlugins (149ms)
				BeforeProcessingInitializeOnLoad (145ms)
				ProcessInitializeOnLoadAttributes (485ms)
				ProcessInitializeOnLoadMethodAttributes (65ms)
				AfterProcessingInitializeOnLoad (12ms)
				EditorAssembliesLoaded (0ms)
			ExecutionOrderSort2 (0ms)
			AwakeInstancesAfterBackupRestoration (9ms)
Platform modules already initialized, skipping
========================================================================
Worker process is ready to serve import requests
Launched and connected shader compiler UnityShaderCompiler.exe after 0.07 seconds
Refreshing native plugins compatible for Editor in 1.94 ms, found 4 plugins.
Preloading 0 native plugins for Editor in 0.00 ms.
Unloading 4786 Unused Serialized files (Serialized files now loaded: 0)
Unloading 53 unused Assets / (130.4 KB). Loaded Objects now: 5270.
Memory consumption went from 174.5 MB to 174.4 MB.
Total: 7.947100 ms (FindLiveObjects: 0.744600 ms CreateObjectMapping: 1.013500 ms MarkObjects: 5.874200 ms  DeleteObjects: 0.313500 ms)

AssetImportParameters requested are different than current active one (requested -> active):
  custom:video-decoder-ogg-theora: a1e56fd34408186e4bbccfd4996cb3dc -> 
  custom:container-muxer-webm: aa71ff27fc2769a1b78a27578f13a17b -> 
  custom:container-demuxer-webm: 4f35f7cbe854078d1ac9338744f61a02 -> 
  custom:video-encoder-webm-vp8: eb34c28f22e8b96e1ab97ce403110664 -> 
  custom:video-codec-MediaFoundation-h265: 746d11721c4dcdbdad8f713fa42b33f4 -> 
  custom:audio-encoder-webm-vorbis: bf7c407c2cedff20999df2af8eb42d56 -> 
  custom:framework-win-MediaFoundation: 216162199b28c13a410421893ffa2e32 -> 
  custom:container-demuxer-ogg: 62fdf1f143b41e24485cea50d1cbac27 -> 
  custom:video-decoder-webm-vp8: 9c59270c3fd7afecdb556c50c9e8de78 -> 
  custom:audio-decoder-ogg-vorbis: bf7c407c2cedff20999df2af8eb42d56 -> 
========================================================================
Received Import Request.
  Time since last request: 767793.722906 seconds.
  path: Assets/Tiles/Apple.asset
  artifactKey: Guid(c2e56ddaccafaf64da8e1c0b768341d2) Importer(815301076,1909f56bfc062723c751e8b465ee728b)
Start importing Assets/Tiles/Apple.asset using Guid(c2e56ddaccafaf64da8e1c0b768341d2) Importer(815301076,1909f56bfc062723c751e8b465ee728b)  -> (artifact id: '869d3ef8b09d1f2ace98d3a2ca789258') in 0.247941 seconds 
========================================================================
Received Import Request.
  Time since last request: 0.000051 seconds.
  path: Assets/Tiles/Fences (stone)_0.asset
  artifactKey: Guid(96eb5f704a12e2848981c00a6d8a39af) Importer(815301076,1909f56bfc062723c751e8b465ee728b)
Start importing Assets/Tiles/Fences (stone)_0.asset using Guid(96eb5f704a12e2848981c00a6d8a39af) Importer(815301076,1909f56bfc062723c751e8b465ee728b)  -> (artifact id: '6dad9d054ece9e176cb2211ae60c71dd') in 0.026259 seconds 
========================================================================
Received Import Request.
  Time since last request: 0.000169 seconds.
  path: Assets/Tiles/Fences (stone)_1.asset
  artifactKey: Guid(c44d6deb84611bf4b9fb3815f0bd5441) Importer(815301076,1909f56bfc062723c751e8b465ee728b)
Start importing Assets/Tiles/Fences (stone)_1.asset using Guid(c44d6deb84611bf4b9fb3815f0bd5441) Importer(815301076,1909f56bfc062723c751e8b465ee728b)  -> (artifact id: '8529f19109c4b1ff0b37e3c4c63270e0') in 0.037058 seconds 
========================================================================
Received Import Request.
  Time since last request: 0.000047 seconds.
  path: Assets/Tiles/Fences (metal)_12.asset
  artifactKey: Guid(ad1993db47b35bb4682f7ac4a2a7dcca) Importer(815301076,1909f56bfc062723c751e8b465ee728b)
Start importing Assets/Tiles/Fences (metal)_12.asset using Guid(ad1993db47b35bb4682f7ac4a2a7dcca) Importer(815301076,1909f56bfc062723c751e8b465ee728b)  -> (artifact id: '7125f4649029a2285260ba25a1ddd709') in 0.035669 seconds 
========================================================================
Received Import Request.
  Time since last request: 0.000031 seconds.
  path: Assets/Tiles/Coastlines_10.asset
  artifactKey: Guid(2325e0bf463ab154987c754d12f931c1) Importer(815301076,1909f56bfc062723c751e8b465ee728b)
Start importing Assets/Tiles/Coastlines_10.asset using Guid(2325e0bf463ab154987c754d12f931c1) Importer(815301076,1909f56bfc062723c751e8b465ee728b)  -> (artifact id: '78efde79a7057860d8101b509b4d604e') in 0.028340 seconds 
========================================================================
Received Import Request.
  Time since last request: 0.000040 seconds.
  path: Assets/Tiles/Crops (berries)_3.asset
  artifactKey: Guid(1adbbfbcc9fa2ba4498aa477ccf741ff) Importer(815301076,1909f56bfc062723c751e8b465ee728b)
Start importing Assets/Tiles/Crops (berries)_3.asset using Guid(1adbbfbcc9fa2ba4498aa477ccf741ff) Importer(815301076,1909f56bfc062723c751e8b465ee728b)  -> (artifact id: '032560f7cc8d41f0527ff1f99fcfa31e') in 0.039003 seconds 
========================================================================
Received Import Request.
  Time since last request: 0.000032 seconds.
  path: Assets/Tiles/Chest_small_2.asset
  artifactKey: Guid(7c23ff3424cfd1040b67dfcfbd6c2422) Importer(815301076,1909f56bfc062723c751e8b465ee728b)
Start importing Assets/Tiles/Chest_small_2.asset using Guid(7c23ff3424cfd1040b67dfcfbd6c2422) Importer(815301076,1909f56bfc062723c751e8b465ee728b)  -> (artifact id: 'ec42f9ca37e19a60a55ee3945f1e544b') in 0.033533 seconds 
========================================================================
Received Import Request.
  Time since last request: 0.000098 seconds.
  path: Assets/Tiles/Dirt_0.asset
  artifactKey: Guid(e6ab0ccc5d096eb44a82b15d4f1a487b) Importer(815301076,1909f56bfc062723c751e8b465ee728b)
Start importing Assets/Tiles/Dirt_0.asset using Guid(e6ab0ccc5d096eb44a82b15d4f1a487b) Importer(815301076,1909f56bfc062723c751e8b465ee728b)  -> (artifact id: '796df0c2b805e6a86b27e270cd2e58fd') in 0.027340 seconds 
========================================================================
Received Import Request.
  Time since last request: 0.000212 seconds.
  path: Assets/Tiles/Fences (metal)_14.asset
  artifactKey: Guid(6a2ca53f00106fa46970bf5432ba6afd) Importer(815301076,1909f56bfc062723c751e8b465ee728b)
Start importing Assets/Tiles/Fences (metal)_14.asset using Guid(6a2ca53f00106fa46970bf5432ba6afd) Importer(815301076,1909f56bfc062723c751e8b465ee728b)  -> (artifact id: '83bb23286aacc7a5a0012e4968fb1fda') in 0.036875 seconds 
========================================================================
Received Import Request.
  Time since last request: 0.000036 seconds.
  path: Assets/Tiles/Coastlines_5.asset
  artifactKey: Guid(11e9fb5354a81bd45a4a587c893a52b8) Importer(815301076,1909f56bfc062723c751e8b465ee728b)
Start importing Assets/Tiles/Coastlines_5.asset using Guid(11e9fb5354a81bd45a4a587c893a52b8) Importer(815301076,1909f56bfc062723c751e8b465ee728b)  -> (artifact id: '43ebe5385c0c0c46b4a8595b7164f5ba') in 0.022826 seconds 
========================================================================
Received Import Request.
  Time since last request: 27.624915 seconds.
  path: Assets/Tiles/Fences (stone)_8.asset
  artifactKey: Guid(d8fd225d0f4c39b46bc2e6aaa6760c53) Importer(815301076,1909f56bfc062723c751e8b465ee728b)
Start importing Assets/Tiles/Fences (stone)_8.asset using Guid(d8fd225d0f4c39b46bc2e6aaa6760c53) Importer(815301076,1909f56bfc062723c751e8b465ee728b)  -> (artifact id: '1d18daaded6f81fd250157a43b173c25') in 0.028771 seconds 
========================================================================
Received Import Request.
  Time since last request: 0.000035 seconds.
  path: Assets/Tiles/Flower_2.asset
  artifactKey: Guid(d225bc4a6e3e79741942593ecf9b5943) Importer(815301076,1909f56bfc062723c751e8b465ee728b)
Start importing Assets/Tiles/Flower_2.asset using Guid(d225bc4a6e3e79741942593ecf9b5943) Importer(815301076,1909f56bfc062723c751e8b465ee728b)  -> (artifact id: 'd8f5e774433c7b64340142c55fd263fe') in 0.034827 seconds 
========================================================================
Received Import Request.
  Time since last request: 0.000053 seconds.
  path: Assets/Tiles/Fences (wood)_3.asset
  artifactKey: Guid(7cb79fce5080330478b977e0449bb14f) Importer(815301076,1909f56bfc062723c751e8b465ee728b)
Start importing Assets/Tiles/Fences (wood)_3.asset using Guid(7cb79fce5080330478b977e0449bb14f) Importer(815301076,1909f56bfc062723c751e8b465ee728b)  -> (artifact id: '0dbd80c09ead0c6305049ce8f6bd08fb') in 0.027157 seconds 
========================================================================
Received Import Request.
  Time since last request: 0.000032 seconds.
  path: Assets/Tiles/Fences (wood)_7.asset
  artifactKey: Guid(27f64b8b4aad0f3478907839afcf9978) Importer(815301076,1909f56bfc062723c751e8b465ee728b)
Start importing Assets/Tiles/Fences (wood)_7.asset using Guid(27f64b8b4aad0f3478907839afcf9978) Importer(815301076,1909f56bfc062723c751e8b465ee728b)  -> (artifact id: '6aa6848cb47f7622e734d517077710f7') in 0.028702 seconds 
========================================================================
Received Import Request.
  Time since last request: 0.000047 seconds.
  path: Assets/Tiles/Flower_9.asset
  artifactKey: Guid(5cc9e2b274b53984397dd57482fa9c5b) Importer(815301076,1909f56bfc062723c751e8b465ee728b)
Start importing Assets/Tiles/Flower_9.asset using Guid(5cc9e2b274b53984397dd57482fa9c5b) Importer(815301076,1909f56bfc062723c751e8b465ee728b)  -> (artifact id: '8776e3f79618a2b5a095002bdbec2ff4') in 0.024867 seconds 
========================================================================
Received Import Request.
  Time since last request: 0.000035 seconds.
  path: Assets/Tiles/Grass_5.asset
  artifactKey: Guid(16aba603862822b42be561d1712a5b97) Importer(815301076,1909f56bfc062723c751e8b465ee728b)
Start importing Assets/Tiles/Grass_5.asset using Guid(16aba603862822b42be561d1712a5b97) Importer(815301076,1909f56bfc062723c751e8b465ee728b)  -> (artifact id: '20df63057d7c0f243b5deeb2dad32bab') in 0.023265 seconds 
========================================================================
Received Import Request.
  Time since last request: 0.134130 seconds.
  path: Assets/Tiles/Grass_21.asset
  artifactKey: Guid(dc4d00bf5153fc24797a5bf6d09745dc) Importer(815301076,1909f56bfc062723c751e8b465ee728b)
Start importing Assets/Tiles/Grass_21.asset using Guid(dc4d00bf5153fc24797a5bf6d09745dc) Importer(815301076,1909f56bfc062723c751e8b465ee728b)  -> (artifact id: 'e3cc7ca2c983158b95e9d7885264c901') in 0.035313 seconds 
========================================================================
Received Import Request.
  Time since last request: 0.000026 seconds.
  path: Assets/Tiles/House_1 (closed)_0.asset
  artifactKey: Guid(17904fee2fda16a488b2bc6c970a830c) Importer(815301076,1909f56bfc062723c751e8b465ee728b)
Start importing Assets/Tiles/House_1 (closed)_0.asset using Guid(17904fee2fda16a488b2bc6c970a830c) Importer(815301076,1909f56bfc062723c751e8b465ee728b)  -> (artifact id: '702e66e17793b64cdc3ac46bfc509dee') in 0.033579 seconds 
========================================================================
Received Import Request.
  Time since last request: 0.000041 seconds.
  path: Assets/Tiles/House_1 (closed)_21.asset
  artifactKey: Guid(689fea3b9cbb85b43ae10c353d8acb94) Importer(815301076,1909f56bfc062723c751e8b465ee728b)
Start importing Assets/Tiles/House_1 (closed)_21.asset using Guid(689fea3b9cbb85b43ae10c353d8acb94) Importer(815301076,1909f56bfc062723c751e8b465ee728b)  -> (artifact id: 'fb26dfcea9e7cd9609d72b542b7dc1c3') in 0.022563 seconds 
========================================================================
Received Import Request.
  Time since last request: 0.000939 seconds.
  path: Assets/Tiles/House_big_3 (closed)_18.asset
  artifactKey: Guid(4fffff5b2752f834da9771a6c57bc8a9) Importer(815301076,1909f56bfc062723c751e8b465ee728b)
Start importing Assets/Tiles/House_big_3 (closed)_18.asset using Guid(4fffff5b2752f834da9771a6c57bc8a9) Importer(815301076,1909f56bfc062723c751e8b465ee728b)  -> (artifact id: 'a8b9e427d9e9dc31e822f62b0349e943') in 0.023480 seconds 
========================================================================
Received Import Request.
  Time since last request: 0.000031 seconds.
  path: Assets/Tiles/House_big_3 (closed)_0.asset
  artifactKey: Guid(19d086ebeee51cd43acf52a0eb3f348b) Importer(815301076,1909f56bfc062723c751e8b465ee728b)
Start importing Assets/Tiles/House_big_3 (closed)_0.asset using Guid(19d086ebeee51cd43acf52a0eb3f348b) Importer(815301076,1909f56bfc062723c751e8b465ee728b)  -> (artifact id: '5de5eddce322c97e09e6cd8f88f7b537') in 0.021761 seconds 
========================================================================
Received Import Request.
  Time since last request: 0.000027 seconds.
  path: Assets/Tiles/House_1 (closed)_22.asset
  artifactKey: Guid(805eb388e83f1ee4e91d4e1c555dd4df) Importer(815301076,1909f56bfc062723c751e8b465ee728b)
Start importing Assets/Tiles/House_1 (closed)_22.asset using Guid(805eb388e83f1ee4e91d4e1c555dd4df) Importer(815301076,1909f56bfc062723c751e8b465ee728b)  -> (artifact id: 'ff5f807e0c77517f10bbedb799882cef') in 0.027791 seconds 
========================================================================
Received Import Request.
  Time since last request: 0.000072 seconds.
  path: Assets/Tiles/House_1 (closed)_2.asset
  artifactKey: Guid(46801b60f5687e54babe0054c988029b) Importer(815301076,1909f56bfc062723c751e8b465ee728b)
Start importing Assets/Tiles/House_1 (closed)_2.asset using Guid(46801b60f5687e54babe0054c988029b) Importer(815301076,1909f56bfc062723c751e8b465ee728b)  -> (artifact id: '09b41d94a6aae819e63cf23b81068d5e') in 0.019840 seconds 
========================================================================
Received Import Request.
  Time since last request: 0.215943 seconds.
  path: Assets/Tiles/House_big_3 (closed)_25.asset
  artifactKey: Guid(e421a9e64ea634f4987e67c6521416db) Importer(815301076,1909f56bfc062723c751e8b465ee728b)
Start importing Assets/Tiles/House_big_3 (closed)_25.asset using Guid(e421a9e64ea634f4987e67c6521416db) Importer(815301076,1909f56bfc062723c751e8b465ee728b)  -> (artifact id: 'a61ff0aaa005a5d5553f7ba8979b9301') in 0.034177 seconds 
========================================================================
Received Import Request.
  Time since last request: 0.000033 seconds.
  path: Assets/Tiles/House_small_1 (closed)_4.asset
  artifactKey: Guid(053c4630f2428c94fbf94fc328f6b4d3) Importer(815301076,1909f56bfc062723c751e8b465ee728b)
Start importing Assets/Tiles/House_small_1 (closed)_4.asset using Guid(053c4630f2428c94fbf94fc328f6b4d3) Importer(815301076,1909f56bfc062723c751e8b465ee728b)  -> (artifact id: '32726ddc5801038160907072f1bec600') in 0.035900 seconds 
========================================================================
Received Import Request.
  Time since last request: 0.000591 seconds.
  path: Assets/Tiles/House_big_3 (closed)_34.asset
  artifactKey: Guid(231ebd86dff31b943bf35773599c68f3) Importer(815301076,1909f56bfc062723c751e8b465ee728b)
Start importing Assets/Tiles/House_big_3 (closed)_34.asset using Guid(231ebd86dff31b943bf35773599c68f3) Importer(815301076,1909f56bfc062723c751e8b465ee728b)  -> (artifact id: '51df3eb36eb16b9089558b17ce53f5ed') in 0.048651 seconds 
========================================================================
Received Import Request.
  Time since last request: 0.000035 seconds.
  path: Assets/Tiles/Mausoleum_1_4.asset
  artifactKey: Guid(4f4c6febcebfa1a44b0353e7b68702f2) Importer(815301076,1909f56bfc062723c751e8b465ee728b)
Start importing Assets/Tiles/Mausoleum_1_4.asset using Guid(4f4c6febcebfa1a44b0353e7b68702f2) Importer(815301076,1909f56bfc062723c751e8b465ee728b)  -> (artifact id: '91e4c2f9626ffaf18c718615655ca549') in 0.030173 seconds 
========================================================================
Received Import Request.
  Time since last request: 0.000029 seconds.
  path: Assets/Tiles/House_small_1 (closed)_1.asset
  artifactKey: Guid(50d50a689bef0e141964b76103a951a9) Importer(815301076,1909f56bfc062723c751e8b465ee728b)
Start importing Assets/Tiles/House_small_1 (closed)_1.asset using Guid(50d50a689bef0e141964b76103a951a9) Importer(815301076,1909f56bfc062723c751e8b465ee728b)  -> (artifact id: '41cbc4bd8afee78301244bf3441d914c') in 0.030562 seconds 
========================================================================
Received Import Request.
  Time since last request: 0.000033 seconds.
  path: Assets/Tiles/House_small_1 (closed)_17.asset
  artifactKey: Guid(c78dd44a4a5df9445bcdcb099b1e0f17) Importer(815301076,1909f56bfc062723c751e8b465ee728b)
Start importing Assets/Tiles/House_small_1 (closed)_17.asset using Guid(c78dd44a4a5df9445bcdcb099b1e0f17) Importer(815301076,1909f56bfc062723c751e8b465ee728b)  -> (artifact id: 'd86616f77a3580eb2847fe71d9d9503f') in 0.027810 seconds 
========================================================================
Received Import Request.
  Time since last request: 0.061400 seconds.
  path: Assets/Tiles/Mausoleum_1_10.asset
  artifactKey: Guid(9767f637ab9ed3943a2c2703abcf7452) Importer(815301076,1909f56bfc062723c751e8b465ee728b)
Start importing Assets/Tiles/Mausoleum_1_10.asset using Guid(9767f637ab9ed3943a2c2703abcf7452) Importer(815301076,1909f56bfc062723c751e8b465ee728b)  -> (artifact id: 'ce6d6feff0e46d7a0f92a88fd5bd0712') in 0.032359 seconds 
========================================================================
Received Import Request.
  Time since last request: 0.000030 seconds.
  path: Assets/Tiles/Roads_stone_1.asset
  artifactKey: Guid(8db0583e5adbca44fa984722b776ee2d) Importer(815301076,1909f56bfc062723c751e8b465ee728b)
Start importing Assets/Tiles/Roads_stone_1.asset using Guid(8db0583e5adbca44fa984722b776ee2d) Importer(815301076,1909f56bfc062723c751e8b465ee728b)  -> (artifact id: '3bbcdaba4bd3450d9cca59b3f7d50f50') in 0.027466 seconds 
========================================================================
Received Import Request.
  Time since last request: 0.000025 seconds.
  path: Assets/Tiles/Roads_stone_15.asset
  artifactKey: Guid(753a719e9a3ed3c4399725771d476d14) Importer(815301076,1909f56bfc062723c751e8b465ee728b)
Start importing Assets/Tiles/Roads_stone_15.asset using Guid(753a719e9a3ed3c4399725771d476d14) Importer(815301076,1909f56bfc062723c751e8b465ee728b)  -> (artifact id: 'c0e322b93f3ff7b42b6f1b1fcefe3167') in 0.028024 seconds 
========================================================================
Received Import Request.
  Time since last request: 0.000026 seconds.
  path: Assets/Tiles/Tree_small_2_3.asset
  artifactKey: Guid(3696265ddeb69564b801a99207a70229) Importer(815301076,1909f56bfc062723c751e8b465ee728b)
Start importing Assets/Tiles/Tree_small_2_3.asset using Guid(3696265ddeb69564b801a99207a70229) Importer(815301076,1909f56bfc062723c751e8b465ee728b)  -> (artifact id: '9b6771efa9c287a290ca0e6dc571bcb3') in 0.025020 seconds 
========================================================================
Received Import Request.
  Time since last request: 0.000033 seconds.
  path: Assets/Tiles/Tree_medium_1_2.asset
  artifactKey: Guid(01769d784e0401146bc8960cff6ae7a5) Importer(815301076,1909f56bfc062723c751e8b465ee728b)
Start importing Assets/Tiles/Tree_medium_1_2.asset using Guid(01769d784e0401146bc8960cff6ae7a5) Importer(815301076,1909f56bfc062723c751e8b465ee728b)  -> (artifact id: 'c87bb1a8195c12c21724a50161a2bb73') in 0.026692 seconds 
========================================================================
Received Import Request.
  Time since last request: 0.000050 seconds.
  path: Assets/Tiles/Rock_4.asset
  artifactKey: Guid(45fcd3d4dfa7ca44595bf9e9ec0659b9) Importer(815301076,1909f56bfc062723c751e8b465ee728b)
Start importing Assets/Tiles/Rock_4.asset using Guid(45fcd3d4dfa7ca44595bf9e9ec0659b9) Importer(815301076,1909f56bfc062723c751e8b465ee728b)  -> (artifact id: 'f873f6ef2b5996031cb8ac7f6ede7843') in 0.026625 seconds 
========================================================================
Received Import Request.
  Time since last request: 0.000032 seconds.
  path: Assets/Tiles/Tent_1_0.asset
  artifactKey: Guid(b638180dcca29c641a4cc3da2fff5834) Importer(815301076,1909f56bfc062723c751e8b465ee728b)
Start importing Assets/Tiles/Tent_1_0.asset using Guid(b638180dcca29c641a4cc3da2fff5834) Importer(815301076,1909f56bfc062723c751e8b465ee728b)  -> (artifact id: '9c9d4f8831796108e3469f24c154bc82') in 0.024403 seconds 
========================================================================
Received Import Request.
  Time since last request: 0.000030 seconds.
  path: Assets/Tiles/Roads_stone_18.asset
  artifactKey: Guid(361d329124970ff4094b3c73ebfc4bb3) Importer(815301076,1909f56bfc062723c751e8b465ee728b)
Start importing Assets/Tiles/Roads_stone_18.asset using Guid(361d329124970ff4094b3c73ebfc4bb3) Importer(815301076,1909f56bfc062723c751e8b465ee728b)  -> (artifact id: '730e10b2844ae121f75a86abc8c955be') in 0.031075 seconds 
========================================================================
Received Import Request.
  Time since last request: 0.000029 seconds.
  path: Assets/Tiles/Tent_1_2.asset
  artifactKey: Guid(db4d2c146e19f7c4797414bace65931b) Importer(815301076,1909f56bfc062723c751e8b465ee728b)
Start importing Assets/Tiles/Tent_1_2.asset using Guid(db4d2c146e19f7c4797414bace65931b) Importer(815301076,1909f56bfc062723c751e8b465ee728b)  -> (artifact id: '0fee55f1b1655752fea95d5700494aed') in 0.043831 seconds 
========================================================================
Received Import Request.
  Time since last request: 0.000029 seconds.
  path: Assets/Tiles/Tree_small_1_2.asset
  artifactKey: Guid(c4dcc6ac0cacec44c9309b25388bc370) Importer(815301076,1909f56bfc062723c751e8b465ee728b)
Start importing Assets/Tiles/Tree_small_1_2.asset using Guid(c4dcc6ac0cacec44c9309b25388bc370) Importer(815301076,1909f56bfc062723c751e8b465ee728b)  -> (artifact id: '18aad01d21dadbc908c0c88b323281e7') in 0.023901 seconds 
========================================================================
Received Import Request.
  Time since last request: 3.145608 seconds.
  path: Assets/Sprites/Chest_big.png
  artifactKey: Guid(2ed2c71ccf9f0f14f9e06a7566acb5d2) Importer(815301076,1909f56bfc062723c751e8b465ee728b)
Start importing Assets/Sprites/Chest_big.png using Guid(2ed2c71ccf9f0f14f9e06a7566acb5d2) Importer(815301076,1909f56bfc062723c751e8b465ee728b)  -> (artifact id: '53d57b272c99aa24063f438d3bac7bf8') in 0.186571 seconds 
========================================================================
Received Import Request.
  Time since last request: 0.000035 seconds.
  path: Assets/Sprites/Flower_7.png
  artifactKey: Guid(adf48f73f64db674b994dd87f2c50f45) Importer(815301076,1909f56bfc062723c751e8b465ee728b)
Start importing Assets/Sprites/Flower_7.png using Guid(adf48f73f64db674b994dd87f2c50f45) Importer(815301076,1909f56bfc062723c751e8b465ee728b)  -> (artifact id: '8a7e0c8398644fc445b2c694bc1f1d57') in 0.029516 seconds 
========================================================================
Received Import Request.
  Time since last request: 0.000042 seconds.
  path: Assets/Sprites/House_small_1 (closed).png
  artifactKey: Guid(2f863d068d5573a4aa390a1ac4052207) Importer(815301076,1909f56bfc062723c751e8b465ee728b)
Start importing Assets/Sprites/House_small_1 (closed).png using Guid(2f863d068d5573a4aa390a1ac4052207) Importer(815301076,1909f56bfc062723c751e8b465ee728b)  -> (artifact id: 'e51b179e40ac05fc7af5e39a849c4583') in 0.128684 seconds 
========================================================================
Received Import Request.
  Time since last request: 0.000034 seconds.
  path: Assets/Sprites/Dirt.png
  artifactKey: Guid(e3b6bbb8cb20a994c9340bf300c105a3) Importer(815301076,1909f56bfc062723c751e8b465ee728b)
Start importing Assets/Sprites/Dirt.png using Guid(e3b6bbb8cb20a994c9340bf300c105a3) Importer(815301076,1909f56bfc062723c751e8b465ee728b)  -> (artifact id: '9390b77f5c34b61e6727a471dc451737') in 0.088533 seconds 
========================================================================
Received Import Request.
  Time since last request: 0.000029 seconds.
  path: Assets/Sprites/Roads_stone.png
  artifactKey: Guid(20a12d7606423a04f83fcf0678a53efb) Importer(815301076,1909f56bfc062723c751e8b465ee728b)
Start importing Assets/Sprites/Roads_stone.png using Guid(20a12d7606423a04f83fcf0678a53efb) Importer(815301076,1909f56bfc062723c751e8b465ee728b)  -> (artifact id: '6c0dc362f0c6a22032c8643b9615e40b') in 0.090464 seconds 
========================================================================
Received Import Request.
  Time since last request: 0.000056 seconds.
  path: Assets/Sprites/Tree_medium_1.png
  artifactKey: Guid(874e5524ba828134d8c84f20a22ef96b) Importer(815301076,1909f56bfc062723c751e8b465ee728b)
Start importing Assets/Sprites/Tree_medium_1.png using Guid(874e5524ba828134d8c84f20a22ef96b) Importer(815301076,1909f56bfc062723c751e8b465ee728b)  -> (artifact id: '2b2a818e7fa90e30bf4472001ee3a00e') in 0.044259 seconds 
========================================================================
Received Import Request.
  Time since last request: 0.000033 seconds.
  path: Assets/Sprites/Wooden sign (skull).png
  artifactKey: Guid(9f95d9ab1bdfe1940b01e386c67e3ab6) Importer(815301076,1909f56bfc062723c751e8b465ee728b)
Start importing Assets/Sprites/Wooden sign (skull).png using Guid(9f95d9ab1bdfe1940b01e386c67e3ab6) Importer(815301076,1909f56bfc062723c751e8b465ee728b)  -> (artifact id: '604f7762c953e070f9c1ad3275f3317f') in 0.034027 seconds 
========================================================================
Received Import Request.
  Time since last request: 0.000029 seconds.
  path: Assets/Sprites/Wooden sign (magic).png
  artifactKey: Guid(4bb1b7625e0a9c24ca882bd35176e4fb) Importer(815301076,1909f56bfc062723c751e8b465ee728b)
Start importing Assets/Sprites/Wooden sign (magic).png using Guid(4bb1b7625e0a9c24ca882bd35176e4fb) Importer(815301076,1909f56bfc062723c751e8b465ee728b)  -> (artifact id: '3990349fd283d7900b31457308c961c4') in 0.030263 seconds 
Editor requested this worker to shutdown with reason: Scaling down because of idle timeout
AssetImportWorker is now disconnected from the server
Process exiting
Exiting without the bug reporter. Application will terminate with return code 0