Using pre-set license
Built from '2021.3/staging' branch; Version is '2021.3.21f1 (1b156197d683) revision 1774945'; Using compiler version '192829333'; Build Type 'Release'
OS: 'Windows 11  (10.0.22621) 64bit Core' Language: 'de' Physical Memory: 16316 MB
BatchMode: 1, IsHumanControllingUs: 0, StartBugReporterOnCrash: 0, Is64bit: 1, IsPro: 1

COMMAND LINE ARGUMENTS:
C:\Program Files\Unity\Hub\Editor\2021.3.21f1\Editor\Unity.exe
-adb2
-batchMode
-noUpm
-name
AssetImportWorker0
-projectPath
C:/Users/luisa/GE1P
-logFile
Logs/AssetImportWorker0.log
-srvPort
52106
Successfully changed project path to: C:/Users/luisa/GE1P
C:/Users/luisa/GE1P
[UnityMemory] Configuration Parameters - Can be set up in boot.config
    "memorysetup-bucket-allocator-granularity=16"
    "memorysetup-bucket-allocator-bucket-count=8"
    "memorysetup-bucket-allocator-block-size=33554432"
    "memorysetup-bucket-allocator-block-count=8"
    "memorysetup-main-allocator-block-size=16777216"
    "memorysetup-thread-allocator-block-size=16777216"
    "memorysetup-gfx-main-allocator-block-size=16777216"
    "memorysetup-gfx-thread-allocator-block-size=16777216"
    "memorysetup-cache-allocator-block-size=4194304"
    "memorysetup-typetree-allocator-block-size=2097152"
    "memorysetup-profiler-bucket-allocator-granularity=16"
    "memorysetup-profiler-bucket-allocator-bucket-count=8"
    "memorysetup-profiler-bucket-allocator-block-size=33554432"
    "memorysetup-profiler-bucket-allocator-block-count=8"
    "memorysetup-profiler-allocator-block-size=16777216"
    "memorysetup-profiler-editor-allocator-block-size=1048576"
    "memorysetup-temp-allocator-size-main=16777216"
    "memorysetup-job-temp-allocator-block-size=2097152"
    "memorysetup-job-temp-allocator-block-size-background=1048576"
    "memorysetup-job-temp-allocator-reduction-small-platforms=262144"
    "memorysetup-temp-allocator-size-background-worker=32768"
    "memorysetup-temp-allocator-size-job-worker=262144"
    "memorysetup-temp-allocator-size-preload-manager=33554432"
    "memorysetup-temp-allocator-size-nav-mesh-worker=65536"
    "memorysetup-temp-allocator-size-audio-worker=65536"
    "memorysetup-temp-allocator-size-cloud-worker=32768"
    "memorysetup-temp-allocator-size-gi-baking-worker=262144"
    "memorysetup-temp-allocator-size-gfx=262144"
Player connection [10116] Host "[IP] 192.168.178.23 [Port] 0 [Flags] 2 [Guid] 436163761 [EditorId] 436163761 [Version] 1048832 [Id] WindowsEditor(7,Sigmaboi) [Debug] 1 [PackageName] WindowsEditor [ProjectName] Editor" joined multi-casting on [225.0.0.222:54997]...

Player connection [10116] Host "[IP] 192.168.178.23 [Port] 0 [Flags] 2 [Guid] 436163761 [EditorId] 436163761 [Version] 1048832 [Id] WindowsEditor(7,Sigmaboi) [Debug] 1 [PackageName] WindowsEditor [ProjectName] Editor" joined alternative multi-casting on [225.0.0.222:34997]...

Refreshing native plugins compatible for Editor in 159.47 ms, found 4 plugins.
Preloading 0 native plugins for Editor in 0.00 ms.
Initialize engine version: 2021.3.21f1 (1b156197d683)
[Subsystems] Discovering subsystems at path C:/Program Files/Unity/Hub/Editor/2021.3.21f1/Editor/Data/Resources/UnitySubsystems
[Subsystems] Discovering subsystems at path C:/Users/luisa/GE1P/Assets
GfxDevice: creating device client; threaded=0; jobified=0
Direct3D:
    Version:  Direct3D 11.0 [level 11.1]
    Renderer: NVIDIA GeForce RTX 2070 (ID=0x1f02)
    Vendor:   NVIDIA
    VRAM:     8019 MB
    Driver:   31.0.15.2824
Initialize mono
Mono path[0] = 'C:/Program Files/Unity/Hub/Editor/2021.3.21f1/Editor/Data/Managed'
Mono path[1] = 'C:/Program Files/Unity/Hub/Editor/2021.3.21f1/Editor/Data/MonoBleedingEdge/lib/mono/unityjit-win32'
Mono config path = 'C:/Program Files/Unity/Hub/Editor/2021.3.21f1/Editor/Data/MonoBleedingEdge/etc'
Using monoOptions --debugger-agent=transport=dt_socket,embedding=1,server=y,suspend=n,address=127.0.0.1:56492
Begin MonoManager ReloadAssembly
Registering precompiled unity dll's ...
Register platform support module: C:/Program Files/Unity/Hub/Editor/2021.3.21f1/Editor/Data/PlaybackEngines/WebGLSupport/UnityEditor.WebGL.Extensions.dll
Register platform support module: C:/Program Files/Unity/Hub/Editor/2021.3.21f1/Editor/Data/PlaybackEngines/WindowsStandaloneSupport/UnityEditor.WindowsStandalone.Extensions.dll
Registered in 0.011962 seconds.
Native extension for WindowsStandalone target not found
Native extension for WebGL target not found
Refreshing native plugins compatible for Editor in 155.54 ms, found 4 plugins.
Preloading 0 native plugins for Editor in 0.00 ms.
Mono: successfully reloaded assembly
- Completed reload, in  1.104 seconds
Domain Reload Profiling:
	ReloadAssembly (1105ms)
		BeginReloadAssembly (115ms)
			ExecutionOrderSort (0ms)
			DisableScriptedObjects (0ms)
			BackupInstance (0ms)
			ReleaseScriptingObjects (0ms)
			CreateAndSetChildDomain (1ms)
		EndReloadAssembly (784ms)
			LoadAssemblies (112ms)
			RebuildTransferFunctionScriptingTraits (0ms)
			SetupTypeCache (203ms)
			ReleaseScriptCaches (0ms)
			RebuildScriptCaches (45ms)
			SetupLoadedEditorAssemblies (449ms)
				LogAssemblyErrors (0ms)
				InitializePlatformSupportModulesInManaged (14ms)
				SetLoadedEditorAssemblies (0ms)
				RefreshPlugins (156ms)
				BeforeProcessingInitializeOnLoad (2ms)
				ProcessInitializeOnLoadAttributes (208ms)
				ProcessInitializeOnLoadMethodAttributes (69ms)
				AfterProcessingInitializeOnLoad (0ms)
				EditorAssembliesLoaded (0ms)
			ExecutionOrderSort2 (0ms)
			AwakeInstancesAfterBackupRestoration (0ms)
Platform modules already initialized, skipping
Registering precompiled user dll's ...
Registered in 0.013340 seconds.
Begin MonoManager ReloadAssembly
Symbol file LoadedFromMemory doesn't match image C:\Users\luisa\GE1P\Library\PackageCache\com.unity.visualscripting@1.8.0\Editor\VisualScripting.Core\Dependencies\YamlDotNet\Unity.VisualScripting.YamlDotNet.dll
Symbol file LoadedFromMemory doesn't match image C:\Users\luisa\GE1P\Library\PackageCache\com.unity.visualscripting@1.8.0\Editor\VisualScripting.Core\Dependencies\DotNetZip\Unity.VisualScripting.IonicZip.dll
Native extension for WindowsStandalone target not found
Native extension for WebGL target not found
Refreshing native plugins compatible for Editor in 171.42 ms, found 4 plugins.
Preloading 0 native plugins for Editor in 0.00 ms.
Mono: successfully reloaded assembly
- Completed reload, in  2.149 seconds
Domain Reload Profiling:
	ReloadAssembly (2151ms)
		BeginReloadAssembly (192ms)
			ExecutionOrderSort (0ms)
			DisableScriptedObjects (11ms)
			BackupInstance (0ms)
			ReleaseScriptingObjects (0ms)
			CreateAndSetChildDomain (30ms)
		EndReloadAssembly (1742ms)
			LoadAssemblies (175ms)
			RebuildTransferFunctionScriptingTraits (0ms)
			SetupTypeCache (514ms)
			ReleaseScriptCaches (1ms)
			RebuildScriptCaches (111ms)
			SetupLoadedEditorAssemblies (875ms)
				LogAssemblyErrors (0ms)
				InitializePlatformSupportModulesInManaged (11ms)
				SetLoadedEditorAssemblies (0ms)
				RefreshPlugins (172ms)
				BeforeProcessingInitializeOnLoad (152ms)
				ProcessInitializeOnLoadAttributes (473ms)
				ProcessInitializeOnLoadMethodAttributes (56ms)
				AfterProcessingInitializeOnLoad (10ms)
				EditorAssembliesLoaded (0ms)
			ExecutionOrderSort2 (0ms)
			AwakeInstancesAfterBackupRestoration (8ms)
Platform modules already initialized, skipping
========================================================================
Worker process is ready to serve import requests
Launched and connected shader compiler UnityShaderCompiler.exe after 0.05 seconds
Refreshing native plugins compatible for Editor in 1.16 ms, found 4 plugins.
Preloading 0 native plugins for Editor in 0.00 ms.
Unloading 4786 Unused Serialized files (Serialized files now loaded: 0)
Unloading 53 unused Assets / (130.4 KB). Loaded Objects now: 5270.
Memory consumption went from 174.5 MB to 174.4 MB.
Total: 5.233800 ms (FindLiveObjects: 0.427000 ms CreateObjectMapping: 0.160700 ms MarkObjects: 4.493000 ms  DeleteObjects: 0.151400 ms)

AssetImportParameters requested are different than current active one (requested -> active):
  custom:video-decoder-ogg-theora: a1e56fd34408186e4bbccfd4996cb3dc -> 
  custom:container-muxer-webm: aa71ff27fc2769a1b78a27578f13a17b -> 
  custom:container-demuxer-webm: 4f35f7cbe854078d1ac9338744f61a02 -> 
  custom:video-encoder-webm-vp8: eb34c28f22e8b96e1ab97ce403110664 -> 
  custom:video-codec-MediaFoundation-h265: 746d11721c4dcdbdad8f713fa42b33f4 -> 
  custom:audio-encoder-webm-vorbis: bf7c407c2cedff20999df2af8eb42d56 -> 
  custom:framework-win-MediaFoundation: 216162199b28c13a410421893ffa2e32 -> 
  custom:container-demuxer-ogg: 62fdf1f143b41e24485cea50d1cbac27 -> 
  custom:video-decoder-webm-vp8: 9c59270c3fd7afecdb556c50c9e8de78 -> 
  custom:audio-decoder-ogg-vorbis: bf7c407c2cedff20999df2af8eb42d56 -> 
========================================================================
Received Import Request.
  Time since last request: 767793.507412 seconds.
  path: Assets/Tiles
  artifactKey: Guid(19197443ca69dcb488c5e0d9357ba11a) Importer(815301076,1909f56bfc062723c751e8b465ee728b)
Start importing Assets/Tiles using Guid(19197443ca69dcb488c5e0d9357ba11a) Importer(815301076,1909f56bfc062723c751e8b465ee728b)  -> (artifact id: '529356913d5b8744ab5e09dd19da02a3') in 0.019743 seconds 
========================================================================
Received Import Request.
  Time since last request: 0.000032 seconds.
  path: Assets/Tiles/Coastlines_4.asset
  artifactKey: Guid(207047d193b91794681c927963f79adc) Importer(815301076,1909f56bfc062723c751e8b465ee728b)
Start importing Assets/Tiles/Coastlines_4.asset using Guid(207047d193b91794681c927963f79adc) Importer(815301076,1909f56bfc062723c751e8b465ee728b)  -> (artifact id: 'b95660358f9a3375ad9554c845f15102') in 0.127809 seconds 
========================================================================
Received Import Request.
  Time since last request: 0.000039 seconds.
  path: Assets/Tiles/Dirt_7.asset
  artifactKey: Guid(712b29fde6eedad4095943f07ba9ab6b) Importer(815301076,1909f56bfc062723c751e8b465ee728b)
Start importing Assets/Tiles/Dirt_7.asset using Guid(712b29fde6eedad4095943f07ba9ab6b) Importer(815301076,1909f56bfc062723c751e8b465ee728b)  -> (artifact id: 'cbf27131a6bf52ec75e23863cf17394e') in 0.031141 seconds 
========================================================================
Received Import Request.
  Time since last request: 0.000034 seconds.
  path: Assets/Tiles/Crops (carrot)_2.asset
  artifactKey: Guid(27962f0addf32b4409b2ab655e57bb49) Importer(815301076,1909f56bfc062723c751e8b465ee728b)
Start importing Assets/Tiles/Crops (carrot)_2.asset using Guid(27962f0addf32b4409b2ab655e57bb49) Importer(815301076,1909f56bfc062723c751e8b465ee728b)  -> (artifact id: '8f1a14a1e9444c81fe2ad338f44dc9c0') in 0.044757 seconds 
========================================================================
Received Import Request.
  Time since last request: 0.000041 seconds.
  path: Assets/Tiles/Coastlines_9.asset
  artifactKey: Guid(9eed592beda83e94e875724db9e15d75) Importer(815301076,1909f56bfc062723c751e8b465ee728b)
Start importing Assets/Tiles/Coastlines_9.asset using Guid(9eed592beda83e94e875724db9e15d75) Importer(815301076,1909f56bfc062723c751e8b465ee728b)  -> (artifact id: '8de9b01a6a3ce338d6ed6af3928961e9') in 0.030005 seconds 
========================================================================
Received Import Request.
  Time since last request: 0.000028 seconds.
  path: Assets/Tiles/Coastlines_1.asset
  artifactKey: Guid(18f8c63590d16dd4dbba05cd62b42fea) Importer(815301076,1909f56bfc062723c751e8b465ee728b)
Start importing Assets/Tiles/Coastlines_1.asset using Guid(18f8c63590d16dd4dbba05cd62b42fea) Importer(815301076,1909f56bfc062723c751e8b465ee728b)  -> (artifact id: '88877a392e96197c505bdeeb16178f33') in 0.022410 seconds 
========================================================================
Received Import Request.
  Time since last request: 0.000037 seconds.
  path: Assets/Tiles/Crops (carrot)_4.asset
  artifactKey: Guid(e29d7f2192dbe96438042ffff556ff6d) Importer(815301076,1909f56bfc062723c751e8b465ee728b)
Start importing Assets/Tiles/Crops (carrot)_4.asset using Guid(e29d7f2192dbe96438042ffff556ff6d) Importer(815301076,1909f56bfc062723c751e8b465ee728b)  -> (artifact id: '71b0ca6be305fdd2c39c5a4e8d94b547') in 0.025822 seconds 
========================================================================
Received Import Request.
  Time since last request: 0.000620 seconds.
  path: Assets/Tiles/Dirt_6.asset
  artifactKey: Guid(4590b3f5593ff6d43a6e0d8da6f5179f) Importer(815301076,1909f56bfc062723c751e8b465ee728b)
Start importing Assets/Tiles/Dirt_6.asset using Guid(4590b3f5593ff6d43a6e0d8da6f5179f) Importer(815301076,1909f56bfc062723c751e8b465ee728b)  -> (artifact id: 'ca9ba0a3c02db16a126b1f4c11cb4b5b') in 0.037560 seconds 
========================================================================
Received Import Request.
  Time since last request: 0.000030 seconds.
  path: Assets/Tiles/Dirt_8.asset
  artifactKey: Guid(82de7491559dff34ba6703b0359045b3) Importer(815301076,1909f56bfc062723c751e8b465ee728b)
Start importing Assets/Tiles/Dirt_8.asset using Guid(82de7491559dff34ba6703b0359045b3) Importer(815301076,1909f56bfc062723c751e8b465ee728b)  -> (artifact id: 'e90e71493e2e5dcec247838b34569c85') in 0.025197 seconds 
========================================================================
Received Import Request.
  Time since last request: 0.000028 seconds.
  path: Assets/Tiles/Crops (sunflower)_0.asset
  artifactKey: Guid(648465646b249814086ce4c5a82b2d9f) Importer(815301076,1909f56bfc062723c751e8b465ee728b)
Start importing Assets/Tiles/Crops (sunflower)_0.asset using Guid(648465646b249814086ce4c5a82b2d9f) Importer(815301076,1909f56bfc062723c751e8b465ee728b)  -> (artifact id: '83db77b8d9d61dd072332b48cdf4d4c2') in 0.028782 seconds 
========================================================================
Received Import Request.
  Time since last request: 0.000044 seconds.
  path: Assets/Tiles/Crops (berries)_0.asset
  artifactKey: Guid(e4b12bc8069d7be4aaf4545c30c10e25) Importer(815301076,1909f56bfc062723c751e8b465ee728b)
Start importing Assets/Tiles/Crops (berries)_0.asset using Guid(e4b12bc8069d7be4aaf4545c30c10e25) Importer(815301076,1909f56bfc062723c751e8b465ee728b)  -> (artifact id: 'd7daaf64583075053a187322d72ada2f') in 0.037993 seconds 
========================================================================
Received Import Request.
  Time since last request: 0.000029 seconds.
  path: Assets/Tiles/Dirt_9.asset
  artifactKey: Guid(b0098d8f3a4c8604f9c66d092058dba9) Importer(815301076,1909f56bfc062723c751e8b465ee728b)
Start importing Assets/Tiles/Dirt_9.asset using Guid(b0098d8f3a4c8604f9c66d092058dba9) Importer(815301076,1909f56bfc062723c751e8b465ee728b)  -> (artifact id: 'f370224da79e7650919913e7d8e2fd61') in 0.033013 seconds 
========================================================================
Received Import Request.
  Time since last request: 0.000027 seconds.
  path: Assets/Tiles/Bush.asset
  artifactKey: Guid(e2139b6a58b52374f8d133e5c6bc1dc6) Importer(815301076,1909f56bfc062723c751e8b465ee728b)
Start importing Assets/Tiles/Bush.asset using Guid(e2139b6a58b52374f8d133e5c6bc1dc6) Importer(815301076,1909f56bfc062723c751e8b465ee728b)  -> (artifact id: 'eb05c5f52c9938287760f4b12e46ac42') in 0.026526 seconds 
========================================================================
Received Import Request.
  Time since last request: 0.000035 seconds.
  path: Assets/Tiles/Dirt_1.asset
  artifactKey: Guid(254a32ee8bd561e4eb5bb461ab650ad0) Importer(815301076,1909f56bfc062723c751e8b465ee728b)
Start importing Assets/Tiles/Dirt_1.asset using Guid(254a32ee8bd561e4eb5bb461ab650ad0) Importer(815301076,1909f56bfc062723c751e8b465ee728b)  -> (artifact id: '9e9caea4c29bbe35b5ee61e23a3ebd88') in 0.029271 seconds 
========================================================================
Received Import Request.
  Time since last request: 0.000032 seconds.
  path: Assets/Tiles/Fences (metal)_9.asset
  artifactKey: Guid(a81f17beddb0eb340a7c73d5f74952a3) Importer(815301076,1909f56bfc062723c751e8b465ee728b)
Start importing Assets/Tiles/Fences (metal)_9.asset using Guid(a81f17beddb0eb340a7c73d5f74952a3) Importer(815301076,1909f56bfc062723c751e8b465ee728b)  -> (artifact id: '84d72976ea4312936530a021571bc5bd') in 0.033598 seconds 
========================================================================
Received Import Request.
  Time since last request: 0.000035 seconds.
  path: Assets/Tiles/Crops (sunflower)_1.asset
  artifactKey: Guid(13f4e42531e11fd4393d5c2e37567fb9) Importer(815301076,1909f56bfc062723c751e8b465ee728b)
Start importing Assets/Tiles/Crops (sunflower)_1.asset using Guid(13f4e42531e11fd4393d5c2e37567fb9) Importer(815301076,1909f56bfc062723c751e8b465ee728b)  -> (artifact id: '58048ce255e37ea92da8df4bad8b5bf1') in 0.042806 seconds 
========================================================================
Received Import Request.
  Time since last request: 0.000849 seconds.
  path: Assets/Tiles/Crate.asset
  artifactKey: Guid(e498c3b1349b4ac4d86f845637dae288) Importer(815301076,1909f56bfc062723c751e8b465ee728b)
Start importing Assets/Tiles/Crate.asset using Guid(e498c3b1349b4ac4d86f845637dae288) Importer(815301076,1909f56bfc062723c751e8b465ee728b)  -> (artifact id: '116d5344d4a9bbb40f736c76b43c6d82') in 0.029410 seconds 
========================================================================
Received Import Request.
  Time since last request: 0.000034 seconds.
  path: Assets/Tiles/Crops (berries)_4.asset
  artifactKey: Guid(4cff84771685a8f429df5b1262428cc3) Importer(815301076,1909f56bfc062723c751e8b465ee728b)
Start importing Assets/Tiles/Crops (berries)_4.asset using Guid(4cff84771685a8f429df5b1262428cc3) Importer(815301076,1909f56bfc062723c751e8b465ee728b)  -> (artifact id: '9e79f49e092330370d34b721e08be13b') in 0.021805 seconds 
========================================================================
Received Import Request.
  Time since last request: 27.625275 seconds.
  path: Assets/Tiles/Fences (stone)_5.asset
  artifactKey: Guid(da8be3907bf87e04fa5b11e3ef8380d2) Importer(815301076,1909f56bfc062723c751e8b465ee728b)
Start importing Assets/Tiles/Fences (stone)_5.asset using Guid(da8be3907bf87e04fa5b11e3ef8380d2) Importer(815301076,1909f56bfc062723c751e8b465ee728b)  -> (artifact id: 'bf93020fc5247fd79cbc7481bd71fc58') in 0.024998 seconds 
========================================================================
Received Import Request.
  Time since last request: 0.000032 seconds.
  path: Assets/Tiles/Fences (wood)_6.asset
  artifactKey: Guid(eef0c58f8c699154c98d11d66dac7f88) Importer(815301076,1909f56bfc062723c751e8b465ee728b)
Start importing Assets/Tiles/Fences (wood)_6.asset using Guid(eef0c58f8c699154c98d11d66dac7f88) Importer(815301076,1909f56bfc062723c751e8b465ee728b)  -> (artifact id: '80dde4b10eff23bf24f4c468eab183bc') in 0.022028 seconds 
========================================================================
Received Import Request.
  Time since last request: 0.000033 seconds.
  path: Assets/Tiles/Fences (wood)_11.asset
  artifactKey: Guid(c2d4d53cc9435eb4d96a67d80aa29a06) Importer(815301076,1909f56bfc062723c751e8b465ee728b)
Start importing Assets/Tiles/Fences (wood)_11.asset using Guid(c2d4d53cc9435eb4d96a67d80aa29a06) Importer(815301076,1909f56bfc062723c751e8b465ee728b)  -> (artifact id: '185431d78e16e6ea0ef75d64c02c0d43') in 0.030565 seconds 
========================================================================
Received Import Request.
  Time since last request: 0.000028 seconds.
  path: Assets/Tiles/Fences (stone)_12.asset
  artifactKey: Guid(3dd049a23a14f66409d08098dd6eed18) Importer(815301076,1909f56bfc062723c751e8b465ee728b)
Start importing Assets/Tiles/Fences (stone)_12.asset using Guid(3dd049a23a14f66409d08098dd6eed18) Importer(815301076,1909f56bfc062723c751e8b465ee728b)  -> (artifact id: '395b041fa32897d6134ca156619eb0a2') in 0.031325 seconds 
========================================================================
Received Import Request.
  Time since last request: 0.000037 seconds.
  path: Assets/Tiles/Grass_9.asset
  artifactKey: Guid(cdf8caaa72fffaf498e65b541b811684) Importer(815301076,1909f56bfc062723c751e8b465ee728b)
Start importing Assets/Tiles/Grass_9.asset using Guid(cdf8caaa72fffaf498e65b541b811684) Importer(815301076,1909f56bfc062723c751e8b465ee728b)  -> (artifact id: '1841b4c3aa4ee8a85b193718933ba56e') in 0.028310 seconds 
========================================================================
Received Import Request.
  Time since last request: 0.000048 seconds.
  path: Assets/Tiles/Grass_10.asset
  artifactKey: Guid(4aa3c3e9f971d2b46985182bf3462f30) Importer(815301076,1909f56bfc062723c751e8b465ee728b)
Start importing Assets/Tiles/Grass_10.asset using Guid(4aa3c3e9f971d2b46985182bf3462f30) Importer(815301076,1909f56bfc062723c751e8b465ee728b)  -> (artifact id: '7e94dae8b40f3140f0fe274209d722bb') in 0.029435 seconds 
========================================================================
Received Import Request.
  Time since last request: 0.000027 seconds.
  path: Assets/Tiles/Fences (wood)_9.asset
  artifactKey: Guid(bdb0d3b706de4384489921a3cda56356) Importer(815301076,1909f56bfc062723c751e8b465ee728b)
Start importing Assets/Tiles/Fences (wood)_9.asset using Guid(bdb0d3b706de4384489921a3cda56356) Importer(815301076,1909f56bfc062723c751e8b465ee728b)  -> (artifact id: 'c564b053e7eb7c1aae59b440ac1381d2') in 0.025401 seconds 
========================================================================
Received Import Request.
  Time since last request: 0.118427 seconds.
  path: Assets/Tiles/Grass_18.asset
  artifactKey: Guid(acdd1d51f6d57484dabcf60b21bd0800) Importer(815301076,1909f56bfc062723c751e8b465ee728b)
Start importing Assets/Tiles/Grass_18.asset using Guid(acdd1d51f6d57484dabcf60b21bd0800) Importer(815301076,1909f56bfc062723c751e8b465ee728b)  -> (artifact id: '46c1423fa942f8cd63616fb3b953d274') in 0.025708 seconds 
========================================================================
Received Import Request.
  Time since last request: 0.000037 seconds.
  path: Assets/Tiles/House_1 (closed)_6.asset
  artifactKey: Guid(28da690f5a2ca2242b33f642801eaac8) Importer(815301076,1909f56bfc062723c751e8b465ee728b)
Start importing Assets/Tiles/House_1 (closed)_6.asset using Guid(28da690f5a2ca2242b33f642801eaac8) Importer(815301076,1909f56bfc062723c751e8b465ee728b)  -> (artifact id: 'f044bb391889844e57646e031d948b3c') in 0.023546 seconds 
========================================================================
Received Import Request.
  Time since last request: 0.000049 seconds.
  path: Assets/Tiles/House_1 (closed)_15.asset
  artifactKey: Guid(3ad5c69b5164c24498b6e94e23e75a52) Importer(815301076,1909f56bfc062723c751e8b465ee728b)
Start importing Assets/Tiles/House_1 (closed)_15.asset using Guid(3ad5c69b5164c24498b6e94e23e75a52) Importer(815301076,1909f56bfc062723c751e8b465ee728b)  -> (artifact id: 'e3576f1e9c56ea2bc6ddb5e0c5fac6f0') in 0.023680 seconds 
========================================================================
Received Import Request.
  Time since last request: 0.000024 seconds.
  path: Assets/Tiles/House_1 (closed)_17.asset
  artifactKey: Guid(701d61521e9634a4aba6015f4b85e67f) Importer(815301076,1909f56bfc062723c751e8b465ee728b)
Start importing Assets/Tiles/House_1 (closed)_17.asset using Guid(701d61521e9634a4aba6015f4b85e67f) Importer(815301076,1909f56bfc062723c751e8b465ee728b)  -> (artifact id: '2d45f9893c844c634bcb027b37173ea9') in 0.027363 seconds 
========================================================================
Received Import Request.
  Time since last request: 0.000029 seconds.
  path: Assets/Tiles/House_big_3 (closed)_11.asset
  artifactKey: Guid(bdb94753328ff40498cb10159d0a140f) Importer(815301076,1909f56bfc062723c751e8b465ee728b)
Start importing Assets/Tiles/House_big_3 (closed)_11.asset using Guid(bdb94753328ff40498cb10159d0a140f) Importer(815301076,1909f56bfc062723c751e8b465ee728b)  -> (artifact id: 'c6c3403f44a2e4d595b2b6926c6837c0') in 0.027213 seconds 
========================================================================
Received Import Request.
  Time since last request: 0.000025 seconds.
  path: Assets/Tiles/House_1 (closed)_18.asset
  artifactKey: Guid(da6ef6af4ebe79543ae33fe2d85f862b) Importer(815301076,1909f56bfc062723c751e8b465ee728b)
Start importing Assets/Tiles/House_1 (closed)_18.asset using Guid(da6ef6af4ebe79543ae33fe2d85f862b) Importer(815301076,1909f56bfc062723c751e8b465ee728b)  -> (artifact id: '5926a9e64c1672eaacdf39d313357f7d') in 0.027247 seconds 
========================================================================
Received Import Request.
  Time since last request: 0.000041 seconds.
  path: Assets/Tiles/House_big_3 (closed)_12.asset
  artifactKey: Guid(fb03b1edc25a98947a3a9a8fe0d945a4) Importer(815301076,1909f56bfc062723c751e8b465ee728b)
Start importing Assets/Tiles/House_big_3 (closed)_12.asset using Guid(fb03b1edc25a98947a3a9a8fe0d945a4) Importer(815301076,1909f56bfc062723c751e8b465ee728b)  -> (artifact id: 'a2fde1e3b2d0d1675f83a27f741ee89e') in 0.026497 seconds 
========================================================================
Received Import Request.
  Time since last request: 0.229862 seconds.
  path: Assets/Tiles/House_big_3 (closed)_22.asset
  artifactKey: Guid(053c479e46cb38a4b986c134a8b00fa8) Importer(815301076,1909f56bfc062723c751e8b465ee728b)
Start importing Assets/Tiles/House_big_3 (closed)_22.asset using Guid(053c479e46cb38a4b986c134a8b00fa8) Importer(815301076,1909f56bfc062723c751e8b465ee728b)  -> (artifact id: '3949f2bdd7e606606ad642cc0107f55a') in 0.026842 seconds 
========================================================================
Received Import Request.
  Time since last request: 0.000028 seconds.
  path: Assets/Tiles/House_big_3 (closed)_30.asset
  artifactKey: Guid(88da69e60afad3047b7087d698bded9e) Importer(815301076,1909f56bfc062723c751e8b465ee728b)
Start importing Assets/Tiles/House_big_3 (closed)_30.asset using Guid(88da69e60afad3047b7087d698bded9e) Importer(815301076,1909f56bfc062723c751e8b465ee728b)  -> (artifact id: 'dbb24af62e1050f5b1a5f7b419d614cd') in 0.027735 seconds 
========================================================================
Received Import Request.
  Time since last request: 0.000027 seconds.
  path: Assets/Tiles/House_small_1 (closed)_14.asset
  artifactKey: Guid(aae4a1271f82b6541b1f2e4e0fcd623b) Importer(815301076,1909f56bfc062723c751e8b465ee728b)
Start importing Assets/Tiles/House_small_1 (closed)_14.asset using Guid(aae4a1271f82b6541b1f2e4e0fcd623b) Importer(815301076,1909f56bfc062723c751e8b465ee728b)  -> (artifact id: '67cc8d9b41269ca40f088f953759535c') in 0.028656 seconds 
========================================================================
Received Import Request.
  Time since last request: 0.000046 seconds.
  path: Assets/Tiles/House_small_1 (closed)_0.asset
  artifactKey: Guid(ef73b1f3ce8de2048ad4546ded29f2da) Importer(815301076,1909f56bfc062723c751e8b465ee728b)
Start importing Assets/Tiles/House_small_1 (closed)_0.asset using Guid(ef73b1f3ce8de2048ad4546ded29f2da) Importer(815301076,1909f56bfc062723c751e8b465ee728b)  -> (artifact id: '886544ec2793a1e955a98589ce557954') in 0.038800 seconds 
========================================================================
Received Import Request.
  Time since last request: 0.000027 seconds.
  path: Assets/Tiles/House_big_3 (closed)_37.asset
  artifactKey: Guid(e584b423b9a96f944b373362cfd45e5c) Importer(815301076,1909f56bfc062723c751e8b465ee728b)
Start importing Assets/Tiles/House_big_3 (closed)_37.asset using Guid(e584b423b9a96f944b373362cfd45e5c) Importer(815301076,1909f56bfc062723c751e8b465ee728b)  -> (artifact id: 'ef8826eeddf22f86c1b3896290a89fdc') in 0.028899 seconds 
========================================================================
Received Import Request.
  Time since last request: 0.000086 seconds.
  path: Assets/Tiles/Mausoleum_1_3.asset
  artifactKey: Guid(96a09e6eb1cec1941b1d3ad54e6c4b40) Importer(815301076,1909f56bfc062723c751e8b465ee728b)
Start importing Assets/Tiles/Mausoleum_1_3.asset using Guid(96a09e6eb1cec1941b1d3ad54e6c4b40) Importer(815301076,1909f56bfc062723c751e8b465ee728b)  -> (artifact id: 'e70ff3ba278df73583c5b67be83f4294') in 0.030050 seconds 
========================================================================
Received Import Request.
  Time since last request: 0.000059 seconds.
  path: Assets/Tiles/Mausoleum_1_0.asset
  artifactKey: Guid(c58ef7ba71c8a0a46b3c72e7c31f7786) Importer(815301076,1909f56bfc062723c751e8b465ee728b)
Start importing Assets/Tiles/Mausoleum_1_0.asset using Guid(c58ef7ba71c8a0a46b3c72e7c31f7786) Importer(815301076,1909f56bfc062723c751e8b465ee728b)  -> (artifact id: '6591ca7b0c7ef5a708a1be43438285f1') in 0.028828 seconds 
========================================================================
Received Import Request.
  Time since last request: 0.065191 seconds.
  path: Assets/Tiles/Mausoleum_1_7.asset
  artifactKey: Guid(adc7f276a718442488f7df6d03ce05f9) Importer(815301076,1909f56bfc062723c751e8b465ee728b)
Start importing Assets/Tiles/Mausoleum_1_7.asset using Guid(adc7f276a718442488f7df6d03ce05f9) Importer(815301076,1909f56bfc062723c751e8b465ee728b)  -> (artifact id: '77a2da08e61f2b91507362b697031128') in 0.027329 seconds 
========================================================================
Received Import Request.
  Time since last request: 0.000073 seconds.
  path: Assets/Tiles/Roads_5.asset
  artifactKey: Guid(5868d3ba9cd613e4eb140ffbb525b523) Importer(815301076,1909f56bfc062723c751e8b465ee728b)
Start importing Assets/Tiles/Roads_5.asset using Guid(5868d3ba9cd613e4eb140ffbb525b523) Importer(815301076,1909f56bfc062723c751e8b465ee728b)  -> (artifact id: '42785df0e31eee518b5de10e6be2e7c9') in 0.022373 seconds 
========================================================================
Received Import Request.
  Time since last request: 0.000026 seconds.
  path: Assets/Tiles/Roads_stone_11.asset
  artifactKey: Guid(607a79030c1f73443aab7b84e06e2a11) Importer(815301076,1909f56bfc062723c751e8b465ee728b)
Start importing Assets/Tiles/Roads_stone_11.asset using Guid(607a79030c1f73443aab7b84e06e2a11) Importer(815301076,1909f56bfc062723c751e8b465ee728b)  -> (artifact id: '26ae8af199de5ff0b017b0fd68a20a8e') in 0.026236 seconds 
========================================================================
Received Import Request.
  Time since last request: 0.000034 seconds.
  path: Assets/Tiles/Roads_11.asset
  artifactKey: Guid(3b0bad2a1d0c9ac4db35c6df3855407d) Importer(815301076,1909f56bfc062723c751e8b465ee728b)
Start importing Assets/Tiles/Roads_11.asset using Guid(3b0bad2a1d0c9ac4db35c6df3855407d) Importer(815301076,1909f56bfc062723c751e8b465ee728b)  -> (artifact id: '394c5972a82663dc15183de2fb28e90e') in 0.022823 seconds 
========================================================================
Received Import Request.
  Time since last request: 0.000040 seconds.
  path: Assets/Tiles/Roads_9.asset
  artifactKey: Guid(64a122f64b1e4e64eb9847cb0fd2c8f4) Importer(815301076,1909f56bfc062723c751e8b465ee728b)
Start importing Assets/Tiles/Roads_9.asset using Guid(64a122f64b1e4e64eb9847cb0fd2c8f4) Importer(815301076,1909f56bfc062723c751e8b465ee728b)  -> (artifact id: 'fdd883279d30b96d07fb78c896182adc') in 0.026147 seconds 
========================================================================
Received Import Request.
  Time since last request: 0.000031 seconds.
  path: Assets/Tiles/Roads_stone_10.asset
  artifactKey: Guid(be003d281cb1db247b0157a18c203a40) Importer(815301076,1909f56bfc062723c751e8b465ee728b)
Start importing Assets/Tiles/Roads_stone_10.asset using Guid(be003d281cb1db247b0157a18c203a40) Importer(815301076,1909f56bfc062723c751e8b465ee728b)  -> (artifact id: '9fef8fe4bca0af2a1dda59344629f8b4') in 0.033604 seconds 
========================================================================
Received Import Request.
  Time since last request: 0.000027 seconds.
  path: Assets/Tiles/Roads_stone_0.asset
  artifactKey: Guid(c7b831afe664fb44bb4ab6ddb17d5bcc) Importer(815301076,1909f56bfc062723c751e8b465ee728b)
Start importing Assets/Tiles/Roads_stone_0.asset using Guid(c7b831afe664fb44bb4ab6ddb17d5bcc) Importer(815301076,1909f56bfc062723c751e8b465ee728b)  -> (artifact id: '060cba27a08975b6541ee0064e6439f8') in 0.032064 seconds 
========================================================================
Received Import Request.
  Time since last request: 0.000033 seconds.
  path: Assets/Tiles/Tree_medium_1_1.asset
  artifactKey: Guid(5f9c21f64f3cf5d43a583658825e0792) Importer(815301076,1909f56bfc062723c751e8b465ee728b)
Start importing Assets/Tiles/Tree_medium_1_1.asset using Guid(5f9c21f64f3cf5d43a583658825e0792) Importer(815301076,1909f56bfc062723c751e8b465ee728b)  -> (artifact id: '4948b6ad74dd63f72e44a774b10f3a79') in 0.037036 seconds 
========================================================================
Received Import Request.
  Time since last request: 0.000034 seconds.
  path: Assets/Tiles/Roads_stone_14.asset
  artifactKey: Guid(d6cd2ec195988674489ac8699ad606d9) Importer(815301076,1909f56bfc062723c751e8b465ee728b)
Start importing Assets/Tiles/Roads_stone_14.asset using Guid(d6cd2ec195988674489ac8699ad606d9) Importer(815301076,1909f56bfc062723c751e8b465ee728b)  -> (artifact id: '4dc118f44e2b34a7df47118fd925d7eb') in 0.035259 seconds 
========================================================================
Received Import Request.
  Time since last request: 3.164999 seconds.
  path: Assets/Sprites/Barrel.png
  artifactKey: Guid(88f4301b2c6a6124aa9926348fb42dc2) Importer(815301076,1909f56bfc062723c751e8b465ee728b)
Start importing Assets/Sprites/Barrel.png using Guid(88f4301b2c6a6124aa9926348fb42dc2) Importer(815301076,1909f56bfc062723c751e8b465ee728b)  -> (artifact id: '1d2702b24402adf3fab532b9c2116499') in 0.177967 seconds 
========================================================================
Received Import Request.
  Time since last request: 0.000039 seconds.
  path: Assets/Sprites/Fences (metal).png
  artifactKey: Guid(a24953e50d80b4840aa0ff305b2c33fa) Importer(815301076,1909f56bfc062723c751e8b465ee728b)
Start importing Assets/Sprites/Fences (metal).png using Guid(a24953e50d80b4840aa0ff305b2c33fa) Importer(815301076,1909f56bfc062723c751e8b465ee728b)  -> (artifact id: '246ce51a635a09dc8e42347f1622107b') in 0.109612 seconds 
========================================================================
Received Import Request.
  Time since last request: 0.000048 seconds.
  path: Assets/Sprites/Flower_2.png
  artifactKey: Guid(1c06e29af5d9bc741906b1bad73c3395) Importer(815301076,1909f56bfc062723c751e8b465ee728b)
Start importing Assets/Sprites/Flower_2.png using Guid(1c06e29af5d9bc741906b1bad73c3395) Importer(815301076,1909f56bfc062723c751e8b465ee728b)  -> (artifact id: 'c042507bc86d09e8aa8b54f262d01e9c') in 0.029766 seconds 
========================================================================
Received Import Request.
  Time since last request: 0.000032 seconds.
  path: Assets/Sprites/Leaves_1.png
  artifactKey: Guid(be2e8ed9733bbb44d92dc99bf126630d) Importer(815301076,1909f56bfc062723c751e8b465ee728b)
Start importing Assets/Sprites/Leaves_1.png using Guid(be2e8ed9733bbb44d92dc99bf126630d) Importer(815301076,1909f56bfc062723c751e8b465ee728b)  -> (artifact id: 'c2f511e2386ee4499f7e2e199bb0a145') in 0.030034 seconds 
========================================================================
Received Import Request.
  Time since last request: 0.000034 seconds.
  path: Assets/Sprites/Crops (berries).png
  artifactKey: Guid(3498820fcba05644cb4b94526272d43c) Importer(815301076,1909f56bfc062723c751e8b465ee728b)
Start importing Assets/Sprites/Crops (berries).png using Guid(3498820fcba05644cb4b94526272d43c) Importer(815301076,1909f56bfc062723c751e8b465ee728b)  -> (artifact id: '72ae131758d456ffa4e2cba5d5cca616') in 0.055514 seconds 
========================================================================
Received Import Request.
  Time since last request: 0.000035 seconds.
  path: Assets/Sprites/Mushroom_3.png
  artifactKey: Guid(ba47d335a532aed46847560339e0fd75) Importer(815301076,1909f56bfc062723c751e8b465ee728b)
Start importing Assets/Sprites/Mushroom_3.png using Guid(ba47d335a532aed46847560339e0fd75) Importer(815301076,1909f56bfc062723c751e8b465ee728b)  -> (artifact id: 'd0d77fe0a2f0a0a761327d27e492a79f') in 0.037846 seconds 
========================================================================
Received Import Request.
  Time since last request: 0.000032 seconds.
  path: Assets/Sprites/Rock_2.png
  artifactKey: Guid(a5ff5a25466271645ab619b362754930) Importer(815301076,1909f56bfc062723c751e8b465ee728b)
Start importing Assets/Sprites/Rock_2.png using Guid(a5ff5a25466271645ab619b362754930) Importer(815301076,1909f56bfc062723c751e8b465ee728b)  -> (artifact id: '577ec1c99c98bdec02fa2a853e647d65') in 0.023400 seconds 
========================================================================
Received Import Request.
  Time since last request: 0.017229 seconds.
  path: Assets/Sprites/Tent_1.png
  artifactKey: Guid(71fc17366723dcf49b32b20071ef0b16) Importer(815301076,1909f56bfc062723c751e8b465ee728b)
Start importing Assets/Sprites/Tent_1.png using Guid(71fc17366723dcf49b32b20071ef0b16) Importer(815301076,1909f56bfc062723c751e8b465ee728b)  -> (artifact id: '3dfeb9db4d9433925089044ad5463de5') in 0.073680 seconds 
========================================================================
Received Import Request.
  Time since last request: 0.000058 seconds.
  path: Assets/Sprites/Wooden sign (arrow_down).png
  artifactKey: Guid(8698cec42186f4948a11609608ceb98b) Importer(815301076,1909f56bfc062723c751e8b465ee728b)
Start importing Assets/Sprites/Wooden sign (arrow_down).png using Guid(8698cec42186f4948a11609608ceb98b) Importer(815301076,1909f56bfc062723c751e8b465ee728b)  -> (artifact id: '44ab5192adb0ad327bd17d673832fde3') in 0.037684 seconds 
========================================================================
Received Import Request.
  Time since last request: 0.000032 seconds.
  path: Assets/Sprites/Wooden sign.png
  artifactKey: Guid(9a44826095bf1184cb6af76f415c5297) Importer(815301076,1909f56bfc062723c751e8b465ee728b)
Start importing Assets/Sprites/Wooden sign.png using Guid(9a44826095bf1184cb6af76f415c5297) Importer(815301076,1909f56bfc062723c751e8b465ee728b)  -> (artifact id: '7d4ce1b3c7e73e767ef84669614c5620') in 0.027089 seconds 
Editor requested this worker to shutdown with reason: Scaling down because of idle timeout
AssetImportWorker is now disconnected from the server
Process exiting
Exiting without the bug reporter. Application will terminate with return code 0