Using pre-set license
Built from '2021.3/staging' branch; Version is '2021.3.21f1 (1b156197d683) revision 1774945'; Using compiler version '192829333'; Build Type 'Release'
OS: 'Windows 11  (10.0.22621) 64bit Core' Language: 'de' Physical Memory: 16316 MB
BatchMode: 1, IsHumanControllingUs: 0, StartBugReporterOnCrash: 0, Is64bit: 1, IsPro: 1

COMMAND LINE ARGUMENTS:
C:\Program Files\Unity\Hub\Editor\2021.3.21f1\Editor\Unity.exe
-adb2
-batchMode
-noUpm
-name
AssetImportWorker5
-projectPath
C:/Users/luisa/GE1P
-logFile
Logs/AssetImportWorker5.log
-srvPort
52106
Successfully changed project path to: C:/Users/luisa/GE1P
C:/Users/luisa/GE1P
[UnityMemory] Configuration Parameters - Can be set up in boot.config
    "memorysetup-bucket-allocator-granularity=16"
    "memorysetup-bucket-allocator-bucket-count=8"
    "memorysetup-bucket-allocator-block-size=33554432"
    "memorysetup-bucket-allocator-block-count=8"
    "memorysetup-main-allocator-block-size=16777216"
    "memorysetup-thread-allocator-block-size=16777216"
    "memorysetup-gfx-main-allocator-block-size=16777216"
    "memorysetup-gfx-thread-allocator-block-size=16777216"
    "memorysetup-cache-allocator-block-size=4194304"
    "memorysetup-typetree-allocator-block-size=2097152"
    "memorysetup-profiler-bucket-allocator-granularity=16"
    "memorysetup-profiler-bucket-allocator-bucket-count=8"
    "memorysetup-profiler-bucket-allocator-block-size=33554432"
    "memorysetup-profiler-bucket-allocator-block-count=8"
    "memorysetup-profiler-allocator-block-size=16777216"
    "memorysetup-profiler-editor-allocator-block-size=1048576"
    "memorysetup-temp-allocator-size-main=16777216"
    "memorysetup-job-temp-allocator-block-size=2097152"
    "memorysetup-job-temp-allocator-block-size-background=1048576"
    "memorysetup-job-temp-allocator-reduction-small-platforms=262144"
    "memorysetup-temp-allocator-size-background-worker=32768"
    "memorysetup-temp-allocator-size-job-worker=262144"
    "memorysetup-temp-allocator-size-preload-manager=33554432"
    "memorysetup-temp-allocator-size-nav-mesh-worker=65536"
    "memorysetup-temp-allocator-size-audio-worker=65536"
    "memorysetup-temp-allocator-size-cloud-worker=32768"
    "memorysetup-temp-allocator-size-gi-baking-worker=262144"
    "memorysetup-temp-allocator-size-gfx=262144"
Player connection [14132] Host "[IP] 192.168.178.23 [Port] 0 [Flags] 2 [Guid] 1011880047 [EditorId] 1011880047 [Version] 1048832 [Id] WindowsEditor(7,Sigmaboi) [Debug] 1 [PackageName] WindowsEditor [ProjectName] Editor" joined multi-casting on [225.0.0.222:54997]...

Player connection [14132] Host "[IP] 192.168.178.23 [Port] 0 [Flags] 2 [Guid] 1011880047 [EditorId] 1011880047 [Version] 1048832 [Id] WindowsEditor(7,Sigmaboi) [Debug] 1 [PackageName] WindowsEditor [ProjectName] Editor" joined alternative multi-casting on [225.0.0.222:34997]...

Refreshing native plugins compatible for Editor in 146.16 ms, found 4 plugins.
Preloading 0 native plugins for Editor in 0.00 ms.
Initialize engine version: 2021.3.21f1 (1b156197d683)
[Subsystems] Discovering subsystems at path C:/Program Files/Unity/Hub/Editor/2021.3.21f1/Editor/Data/Resources/UnitySubsystems
[Subsystems] Discovering subsystems at path C:/Users/luisa/GE1P/Assets
GfxDevice: creating device client; threaded=0; jobified=0
Direct3D:
    Version:  Direct3D 11.0 [level 11.1]
    Renderer: NVIDIA GeForce RTX 2070 (ID=0x1f02)
    Vendor:   NVIDIA
    VRAM:     8019 MB
    Driver:   31.0.15.2824
Initialize mono
Mono path[0] = 'C:/Program Files/Unity/Hub/Editor/2021.3.21f1/Editor/Data/Managed'
Mono path[1] = 'C:/Program Files/Unity/Hub/Editor/2021.3.21f1/Editor/Data/MonoBleedingEdge/lib/mono/unityjit-win32'
Mono config path = 'C:/Program Files/Unity/Hub/Editor/2021.3.21f1/Editor/Data/MonoBleedingEdge/etc'
Using monoOptions --debugger-agent=transport=dt_socket,embedding=1,server=y,suspend=n,address=127.0.0.1:56496
Begin MonoManager ReloadAssembly
Registering precompiled unity dll's ...
Register platform support module: C:/Program Files/Unity/Hub/Editor/2021.3.21f1/Editor/Data/PlaybackEngines/WebGLSupport/UnityEditor.WebGL.Extensions.dll
Register platform support module: C:/Program Files/Unity/Hub/Editor/2021.3.21f1/Editor/Data/PlaybackEngines/WindowsStandaloneSupport/UnityEditor.WindowsStandalone.Extensions.dll
Registered in 0.011215 seconds.
Native extension for WindowsStandalone target not found
Native extension for WebGL target not found
Refreshing native plugins compatible for Editor in 144.37 ms, found 4 plugins.
Preloading 0 native plugins for Editor in 0.00 ms.
Mono: successfully reloaded assembly
- Completed reload, in  1.091 seconds
Domain Reload Profiling:
	ReloadAssembly (1092ms)
		BeginReloadAssembly (159ms)
			ExecutionOrderSort (0ms)
			DisableScriptedObjects (0ms)
			BackupInstance (0ms)
			ReleaseScriptingObjects (0ms)
			CreateAndSetChildDomain (1ms)
		EndReloadAssembly (769ms)
			LoadAssemblies (153ms)
			RebuildTransferFunctionScriptingTraits (0ms)
			SetupTypeCache (167ms)
			ReleaseScriptCaches (0ms)
			RebuildScriptCaches (42ms)
			SetupLoadedEditorAssemblies (474ms)
				LogAssemblyErrors (0ms)
				InitializePlatformSupportModulesInManaged (12ms)
				SetLoadedEditorAssemblies (0ms)
				RefreshPlugins (144ms)
				BeforeProcessingInitializeOnLoad (2ms)
				ProcessInitializeOnLoadAttributes (237ms)
				ProcessInitializeOnLoadMethodAttributes (78ms)
				AfterProcessingInitializeOnLoad (0ms)
				EditorAssembliesLoaded (0ms)
			ExecutionOrderSort2 (0ms)
			AwakeInstancesAfterBackupRestoration (0ms)
Platform modules already initialized, skipping
Registering precompiled user dll's ...
Registered in 0.013448 seconds.
Begin MonoManager ReloadAssembly
Symbol file LoadedFromMemory doesn't match image C:\Users\luisa\GE1P\Library\PackageCache\com.unity.visualscripting@1.8.0\Editor\VisualScripting.Core\Dependencies\YamlDotNet\Unity.VisualScripting.YamlDotNet.dll
Symbol file LoadedFromMemory doesn't match image C:\Users\luisa\GE1P\Library\PackageCache\com.unity.visualscripting@1.8.0\Editor\VisualScripting.Core\Dependencies\DotNetZip\Unity.VisualScripting.IonicZip.dll
Native extension for WindowsStandalone target not found
Native extension for WebGL target not found
Refreshing native plugins compatible for Editor in 140.29 ms, found 4 plugins.
Preloading 0 native plugins for Editor in 0.00 ms.
Mono: successfully reloaded assembly
- Completed reload, in  2.156 seconds
Domain Reload Profiling:
	ReloadAssembly (2157ms)
		BeginReloadAssembly (212ms)
			ExecutionOrderSort (0ms)
			DisableScriptedObjects (10ms)
			BackupInstance (0ms)
			ReleaseScriptingObjects (0ms)
			CreateAndSetChildDomain (30ms)
		EndReloadAssembly (1663ms)
			LoadAssemblies (181ms)
			RebuildTransferFunctionScriptingTraits (0ms)
			SetupTypeCache (435ms)
			ReleaseScriptCaches (2ms)
			RebuildScriptCaches (133ms)
			SetupLoadedEditorAssemblies (852ms)
				LogAssemblyErrors (0ms)
				InitializePlatformSupportModulesInManaged (8ms)
				SetLoadedEditorAssemblies (0ms)
				RefreshPlugins (140ms)
				BeforeProcessingInitializeOnLoad (145ms)
				ProcessInitializeOnLoadAttributes (483ms)
				ProcessInitializeOnLoadMethodAttributes (63ms)
				AfterProcessingInitializeOnLoad (13ms)
				EditorAssembliesLoaded (0ms)
			ExecutionOrderSort2 (0ms)
			AwakeInstancesAfterBackupRestoration (8ms)
Platform modules already initialized, skipping
========================================================================
Worker process is ready to serve import requests
Launched and connected shader compiler UnityShaderCompiler.exe after 0.07 seconds
Refreshing native plugins compatible for Editor in 3.06 ms, found 4 plugins.
Preloading 0 native plugins for Editor in 0.00 ms.
Unloading 4786 Unused Serialized files (Serialized files now loaded: 0)
Unloading 53 unused Assets / (130.4 KB). Loaded Objects now: 5270.
Memory consumption went from 174.6 MB to 174.5 MB.
Total: 10.721000 ms (FindLiveObjects: 0.894100 ms CreateObjectMapping: 0.438000 ms MarkObjects: 9.168900 ms  DeleteObjects: 0.218100 ms)

AssetImportParameters requested are different than current active one (requested -> active):
  custom:video-decoder-ogg-theora: a1e56fd34408186e4bbccfd4996cb3dc -> 
  custom:container-muxer-webm: aa71ff27fc2769a1b78a27578f13a17b -> 
  custom:container-demuxer-webm: 4f35f7cbe854078d1ac9338744f61a02 -> 
  custom:video-encoder-webm-vp8: eb34c28f22e8b96e1ab97ce403110664 -> 
  custom:video-codec-MediaFoundation-h265: 746d11721c4dcdbdad8f713fa42b33f4 -> 
  custom:audio-encoder-webm-vorbis: bf7c407c2cedff20999df2af8eb42d56 -> 
  custom:framework-win-MediaFoundation: 216162199b28c13a410421893ffa2e32 -> 
  custom:container-demuxer-ogg: 62fdf1f143b41e24485cea50d1cbac27 -> 
  custom:video-decoder-webm-vp8: 9c59270c3fd7afecdb556c50c9e8de78 -> 
  custom:audio-decoder-ogg-vorbis: bf7c407c2cedff20999df2af8eb42d56 -> 
========================================================================
Received Import Request.
  Time since last request: 767793.742089 seconds.
  path: Assets/Tiles/Coastlines_8.asset
  artifactKey: Guid(147ab636a63bfbd4280cb5d962819d07) Importer(815301076,1909f56bfc062723c751e8b465ee728b)
Start importing Assets/Tiles/Coastlines_8.asset using Guid(147ab636a63bfbd4280cb5d962819d07) Importer(815301076,1909f56bfc062723c751e8b465ee728b)  -> (artifact id: '772501fc5d003703e0a9e03ef30e9a49') in 0.150427 seconds 
========================================================================
Received Import Request.
  Time since last request: 0.000050 seconds.
  path: Assets/Tiles/Fences (metal)_0.asset
  artifactKey: Guid(a800834a5aa4b384791519e80bad01a8) Importer(815301076,1909f56bfc062723c751e8b465ee728b)
Start importing Assets/Tiles/Fences (metal)_0.asset using Guid(a800834a5aa4b384791519e80bad01a8) Importer(815301076,1909f56bfc062723c751e8b465ee728b)  -> (artifact id: '23c5c7d0ba8693af346c092650bc4d7c') in 0.043095 seconds 
========================================================================
Received Import Request.
  Time since last request: 0.000044 seconds.
  path: Assets/Tiles/Fences (metal)_15.asset
  artifactKey: Guid(15a7c37c06779064fba637b03f5ef15e) Importer(815301076,1909f56bfc062723c751e8b465ee728b)
Start importing Assets/Tiles/Fences (metal)_15.asset using Guid(15a7c37c06779064fba637b03f5ef15e) Importer(815301076,1909f56bfc062723c751e8b465ee728b)  -> (artifact id: '2c625da0426b6c4304c2aee076023acd') in 0.040084 seconds 
========================================================================
Received Import Request.
  Time since last request: 0.000051 seconds.
  path: Assets/Tiles/Fences (metal)_3.asset
  artifactKey: Guid(c43980f0fef0d0e44ba88db2d94f32ee) Importer(815301076,1909f56bfc062723c751e8b465ee728b)
Start importing Assets/Tiles/Fences (metal)_3.asset using Guid(c43980f0fef0d0e44ba88db2d94f32ee) Importer(815301076,1909f56bfc062723c751e8b465ee728b)  -> (artifact id: 'b38e4917c979f956b225ca6139a3e9d2') in 0.035985 seconds 
========================================================================
Received Import Request.
  Time since last request: 0.000031 seconds.
  path: Assets/Tiles/Fences (metal)_1.asset
  artifactKey: Guid(61157d73893d3fa45bd7eeee14a6bb3d) Importer(815301076,1909f56bfc062723c751e8b465ee728b)
Start importing Assets/Tiles/Fences (metal)_1.asset using Guid(61157d73893d3fa45bd7eeee14a6bb3d) Importer(815301076,1909f56bfc062723c751e8b465ee728b)  -> (artifact id: '41c88eebdb742ad3d227309be908ff3d') in 0.052070 seconds 
========================================================================
Received Import Request.
  Time since last request: 0.000030 seconds.
  path: Assets/Tiles/Fences (metal)_7.asset
  artifactKey: Guid(22a5d944edc57244496a10216ca56447) Importer(815301076,1909f56bfc062723c751e8b465ee728b)
Start importing Assets/Tiles/Fences (metal)_7.asset using Guid(22a5d944edc57244496a10216ca56447) Importer(815301076,1909f56bfc062723c751e8b465ee728b)  -> (artifact id: '3ccea9094c8290888f8d1abf40d9e279') in 0.037266 seconds 
========================================================================
Received Import Request.
  Time since last request: 0.000032 seconds.
  path: Assets/Tiles/Crops (carrot)_0.asset
  artifactKey: Guid(e51b6ade695185e41b24cb9c4e3e01ad) Importer(815301076,1909f56bfc062723c751e8b465ee728b)
Start importing Assets/Tiles/Crops (carrot)_0.asset using Guid(e51b6ade695185e41b24cb9c4e3e01ad) Importer(815301076,1909f56bfc062723c751e8b465ee728b)  -> (artifact id: '117757f2cd1257d430dd45e058e1f26d') in 0.035916 seconds 
========================================================================
Received Import Request.
  Time since last request: 0.000039 seconds.
  path: Assets/Tiles/Fences (metal)_13.asset
  artifactKey: Guid(9638e8225df5eab40938b2d218bca411) Importer(815301076,1909f56bfc062723c751e8b465ee728b)
Start importing Assets/Tiles/Fences (metal)_13.asset using Guid(9638e8225df5eab40938b2d218bca411) Importer(815301076,1909f56bfc062723c751e8b465ee728b)  -> (artifact id: '8c4bac67ff3592203aee25aa45f294ba') in 0.045419 seconds 
========================================================================
Received Import Request.
  Time since last request: 0.000045 seconds.
  path: Assets/Tiles/Crops (sunflower)_3.asset
  artifactKey: Guid(482fd4ed9ff1cd94f91d264fd7a35244) Importer(815301076,1909f56bfc062723c751e8b465ee728b)
Start importing Assets/Tiles/Crops (sunflower)_3.asset using Guid(482fd4ed9ff1cd94f91d264fd7a35244) Importer(815301076,1909f56bfc062723c751e8b465ee728b)  -> (artifact id: '4034821d5543c153bcd108b748285671') in 0.039565 seconds 
========================================================================
Received Import Request.
  Time since last request: 0.000032 seconds.
  path: Assets/Tiles/Fences (metal)_10.asset
  artifactKey: Guid(70ea05b6fcc9081408b615d4388e3599) Importer(815301076,1909f56bfc062723c751e8b465ee728b)
Start importing Assets/Tiles/Fences (metal)_10.asset using Guid(70ea05b6fcc9081408b615d4388e3599) Importer(815301076,1909f56bfc062723c751e8b465ee728b)  -> (artifact id: '9cd47164c60a794dfcd871a8b234c5bc') in 0.037380 seconds 
========================================================================
Received Import Request.
  Time since last request: 27.644126 seconds.
  path: Assets/Tiles/Fences (stone)_9.asset
  artifactKey: Guid(6fc18b55f26da1048a03c7f170544e6a) Importer(815301076,1909f56bfc062723c751e8b465ee728b)
Start importing Assets/Tiles/Fences (stone)_9.asset using Guid(6fc18b55f26da1048a03c7f170544e6a) Importer(815301076,1909f56bfc062723c751e8b465ee728b)  -> (artifact id: 'ccec030b476319996ae03b18f16f4da0') in 0.036455 seconds 
========================================================================
Received Import Request.
  Time since last request: 0.000032 seconds.
  path: Assets/Tiles/Flower_4.asset
  artifactKey: Guid(737fd4f4360741b48b3eb783d45f2cd2) Importer(815301076,1909f56bfc062723c751e8b465ee728b)
Start importing Assets/Tiles/Flower_4.asset using Guid(737fd4f4360741b48b3eb783d45f2cd2) Importer(815301076,1909f56bfc062723c751e8b465ee728b)  -> (artifact id: 'eb0a3a4c84771dbf367b468ec20bdb10') in 0.026005 seconds 
========================================================================
Received Import Request.
  Time since last request: 0.000033 seconds.
  path: Assets/Tiles/Fences (wood)_1.asset
  artifactKey: Guid(d48e1c72218f58f449a3d838383c810d) Importer(815301076,1909f56bfc062723c751e8b465ee728b)
Start importing Assets/Tiles/Fences (wood)_1.asset using Guid(d48e1c72218f58f449a3d838383c810d) Importer(815301076,1909f56bfc062723c751e8b465ee728b)  -> (artifact id: '942d20f723e22cf3ecc247a4a9b33ee9') in 0.022759 seconds 
========================================================================
Received Import Request.
  Time since last request: 0.000038 seconds.
  path: Assets/Tiles/Flower_6.asset
  artifactKey: Guid(ddb6d899d10dfdc418f441440cb485b3) Importer(815301076,1909f56bfc062723c751e8b465ee728b)
Start importing Assets/Tiles/Flower_6.asset using Guid(ddb6d899d10dfdc418f441440cb485b3) Importer(815301076,1909f56bfc062723c751e8b465ee728b)  -> (artifact id: '266a9a02d7ef1a988c51a98005b01ebe') in 0.024003 seconds 
========================================================================
Received Import Request.
  Time since last request: 0.000048 seconds.
  path: Assets/Tiles/Grass_6.asset
  artifactKey: Guid(d72b24acd14866748b7200a1380bbde5) Importer(815301076,1909f56bfc062723c751e8b465ee728b)
Start importing Assets/Tiles/Grass_6.asset using Guid(d72b24acd14866748b7200a1380bbde5) Importer(815301076,1909f56bfc062723c751e8b465ee728b)  -> (artifact id: 'ade7a1ba21366d3cacec5d964a026a95') in 0.029340 seconds 
========================================================================
Received Import Request.
  Time since last request: 0.000031 seconds.
  path: Assets/Tiles/Grass_1.asset
  artifactKey: Guid(16e2adbc8f1c0514189fe224ebcccc7e) Importer(815301076,1909f56bfc062723c751e8b465ee728b)
Start importing Assets/Tiles/Grass_1.asset using Guid(16e2adbc8f1c0514189fe224ebcccc7e) Importer(815301076,1909f56bfc062723c751e8b465ee728b)  -> (artifact id: 'c1ff5167ea1233e3fff574f216ffb73a') in 0.027726 seconds 
========================================================================
Received Import Request.
  Time since last request: 0.000029 seconds.
  path: Assets/Tiles/Grass_15.asset
  artifactKey: Guid(53a210e32f7e7894eb209d1f983e8b62) Importer(815301076,1909f56bfc062723c751e8b465ee728b)
Start importing Assets/Tiles/Grass_15.asset using Guid(53a210e32f7e7894eb209d1f983e8b62) Importer(815301076,1909f56bfc062723c751e8b465ee728b)  -> (artifact id: 'e5b332c3fef607dfa88c9c49d6cd73e6') in 0.023635 seconds 
========================================================================
Received Import Request.
  Time since last request: 0.122901 seconds.
  path: Assets/Tiles/Grass_22.asset
  artifactKey: Guid(970303a5af852454f82de9a1a676e1c6) Importer(815301076,1909f56bfc062723c751e8b465ee728b)
Start importing Assets/Tiles/Grass_22.asset using Guid(970303a5af852454f82de9a1a676e1c6) Importer(815301076,1909f56bfc062723c751e8b465ee728b)  -> (artifact id: 'f59f8168e548a87faf927802b8239958') in 0.032353 seconds 
========================================================================
Received Import Request.
  Time since last request: 0.000025 seconds.
  path: Assets/Tiles/House_1 (closed)_5.asset
  artifactKey: Guid(c3143bd20d839db4d8c2c870a7265c96) Importer(815301076,1909f56bfc062723c751e8b465ee728b)
Start importing Assets/Tiles/House_1 (closed)_5.asset using Guid(c3143bd20d839db4d8c2c870a7265c96) Importer(815301076,1909f56bfc062723c751e8b465ee728b)  -> (artifact id: '4fc6fa7ad847e0a5e622eac82005eed4') in 0.026877 seconds 
========================================================================
Received Import Request.
  Time since last request: 0.000032 seconds.
  path: Assets/Tiles/House_1 (closed)_19.asset
  artifactKey: Guid(8fd3d1b93f47e5e4d8572e388ae7d605) Importer(815301076,1909f56bfc062723c751e8b465ee728b)
Start importing Assets/Tiles/House_1 (closed)_19.asset using Guid(8fd3d1b93f47e5e4d8572e388ae7d605) Importer(815301076,1909f56bfc062723c751e8b465ee728b)  -> (artifact id: 'b93159bc4c32369d51179650c88efdb6') in 0.027232 seconds 
========================================================================
Received Import Request.
  Time since last request: 0.000031 seconds.
  path: Assets/Tiles/House_big_3 (closed)_4.asset
  artifactKey: Guid(46a5666677caad6438c7be0b194a0545) Importer(815301076,1909f56bfc062723c751e8b465ee728b)
Start importing Assets/Tiles/House_big_3 (closed)_4.asset using Guid(46a5666677caad6438c7be0b194a0545) Importer(815301076,1909f56bfc062723c751e8b465ee728b)  -> (artifact id: '8f1a10fbd0b3c299760091db7e4f0b73') in 0.028750 seconds 
========================================================================
Received Import Request.
  Time since last request: 0.000041 seconds.
  path: Assets/Tiles/House_big_3 (closed)_19.asset
  artifactKey: Guid(a1a04a6362757c34680eb9ce09964452) Importer(815301076,1909f56bfc062723c751e8b465ee728b)
Start importing Assets/Tiles/House_big_3 (closed)_19.asset using Guid(a1a04a6362757c34680eb9ce09964452) Importer(815301076,1909f56bfc062723c751e8b465ee728b)  -> (artifact id: '494bc0bd0cb4822fa2a1423bc21718a8') in 0.027373 seconds 
========================================================================
Received Import Request.
  Time since last request: 0.000030 seconds.
  path: Assets/Tiles/House_big_3 (closed)_13.asset
  artifactKey: Guid(952989bd2330ee4488ed0e835976b7d4) Importer(815301076,1909f56bfc062723c751e8b465ee728b)
Start importing Assets/Tiles/House_big_3 (closed)_13.asset using Guid(952989bd2330ee4488ed0e835976b7d4) Importer(815301076,1909f56bfc062723c751e8b465ee728b)  -> (artifact id: '65a672bba4812cfa44d4cdeb0258f3c2') in 0.030571 seconds 
========================================================================
Received Import Request.
  Time since last request: 0.241662 seconds.
  path: Assets/Tiles/House_big_3 (closed)_26.asset
  artifactKey: Guid(af653928015d20347902c253aab2090a) Importer(815301076,1909f56bfc062723c751e8b465ee728b)
Start importing Assets/Tiles/House_big_3 (closed)_26.asset using Guid(af653928015d20347902c253aab2090a) Importer(815301076,1909f56bfc062723c751e8b465ee728b)  -> (artifact id: '84d7ef0268c0af354f3e86d795948db2') in 0.030921 seconds 
========================================================================
Received Import Request.
  Time since last request: 0.000034 seconds.
  path: Assets/Tiles/House_small_1 (closed)_8.asset
  artifactKey: Guid(a9de8e3cfffb7e245bfd3292a5f17c50) Importer(815301076,1909f56bfc062723c751e8b465ee728b)
Start importing Assets/Tiles/House_small_1 (closed)_8.asset using Guid(a9de8e3cfffb7e245bfd3292a5f17c50) Importer(815301076,1909f56bfc062723c751e8b465ee728b)  -> (artifact id: 'abe8400127564e6fef4ba4e3c9cf7dac') in 0.030456 seconds 
========================================================================
Received Import Request.
  Time since last request: 0.000032 seconds.
  path: Assets/Tiles/Leaves_3.asset
  artifactKey: Guid(c147109896855194faafe4326cca0ffb) Importer(815301076,1909f56bfc062723c751e8b465ee728b)
Start importing Assets/Tiles/Leaves_3.asset using Guid(c147109896855194faafe4326cca0ffb) Importer(815301076,1909f56bfc062723c751e8b465ee728b)  -> (artifact id: '35da74385b7c905077762132e748656b') in 0.033756 seconds 
========================================================================
Received Import Request.
  Time since last request: 0.000037 seconds.
  path: Assets/Tiles/House_big_3 (closed)_29.asset
  artifactKey: Guid(91992c2a615b3364095cab9efb142afd) Importer(815301076,1909f56bfc062723c751e8b465ee728b)
Start importing Assets/Tiles/House_big_3 (closed)_29.asset using Guid(91992c2a615b3364095cab9efb142afd) Importer(815301076,1909f56bfc062723c751e8b465ee728b)  -> (artifact id: '79d5986b7b7109dff14ddc157022fe9a') in 0.030065 seconds 
========================================================================
Received Import Request.
  Time since last request: 0.000202 seconds.
  path: Assets/Tiles/House_small_1 (closed)_22.asset
  artifactKey: Guid(7e9c3f643a9190145b9481f1e78f7fba) Importer(815301076,1909f56bfc062723c751e8b465ee728b)
Start importing Assets/Tiles/House_small_1 (closed)_22.asset using Guid(7e9c3f643a9190145b9481f1e78f7fba) Importer(815301076,1909f56bfc062723c751e8b465ee728b)  -> (artifact id: '7c85fd632195d076593b1e9e35159600') in 0.022816 seconds 
========================================================================
Received Import Request.
  Time since last request: 0.000029 seconds.
  path: Assets/Tiles/House_small_1 (closed)_18.asset
  artifactKey: Guid(d0588a31947c3ff458240d35e22203d4) Importer(815301076,1909f56bfc062723c751e8b465ee728b)
Start importing Assets/Tiles/House_small_1 (closed)_18.asset using Guid(d0588a31947c3ff458240d35e22203d4) Importer(815301076,1909f56bfc062723c751e8b465ee728b)  -> (artifact id: 'a9aa8ea624445206ab94cb90ebde4b99') in 0.026225 seconds 
========================================================================
Received Import Request.
  Time since last request: 0.000030 seconds.
  path: Assets/Tiles/House_small_1 (closed)_15.asset
  artifactKey: Guid(87dec640d0a634345b483fe706bbde54) Importer(815301076,1909f56bfc062723c751e8b465ee728b)
Start importing Assets/Tiles/House_small_1 (closed)_15.asset using Guid(87dec640d0a634345b483fe706bbde54) Importer(815301076,1909f56bfc062723c751e8b465ee728b)  -> (artifact id: '22a98936a18d9a220d782dcf04b3144d') in 0.022867 seconds 
========================================================================
Received Import Request.
  Time since last request: 0.000053 seconds.
  path: Assets/Tiles/House_small_1 (closed)_3.asset
  artifactKey: Guid(b8b62488f8047c34aa9851dddbf3620a) Importer(815301076,1909f56bfc062723c751e8b465ee728b)
Start importing Assets/Tiles/House_small_1 (closed)_3.asset using Guid(b8b62488f8047c34aa9851dddbf3620a) Importer(815301076,1909f56bfc062723c751e8b465ee728b)  -> (artifact id: 'c4eb54397e8e5491f28734857eaf3395') in 0.021548 seconds 
========================================================================
Received Import Request.
  Time since last request: 0.063206 seconds.
  path: Assets/Tiles/Mausoleum_1_11.asset
  artifactKey: Guid(ec59270b30c4b3a4aa041bcc56273a8e) Importer(815301076,1909f56bfc062723c751e8b465ee728b)
Start importing Assets/Tiles/Mausoleum_1_11.asset using Guid(ec59270b30c4b3a4aa041bcc56273a8e) Importer(815301076,1909f56bfc062723c751e8b465ee728b)  -> (artifact id: '4b5431261887d429bddd20b5e646215f') in 0.033723 seconds 
========================================================================
Received Import Request.
  Time since last request: 0.000037 seconds.
  path: Assets/Tiles/Roads_12.asset
  artifactKey: Guid(d68236d286fa3714b8857994ece4f5de) Importer(815301076,1909f56bfc062723c751e8b465ee728b)
Start importing Assets/Tiles/Roads_12.asset using Guid(d68236d286fa3714b8857994ece4f5de) Importer(815301076,1909f56bfc062723c751e8b465ee728b)  -> (artifact id: '59059fc7a5b09c8c9a74ff00f16a5c61') in 0.027519 seconds 
========================================================================
Received Import Request.
  Time since last request: 0.000037 seconds.
  path: Assets/Tiles/Tent_1_5.asset
  artifactKey: Guid(d92feb4d3c686b1449c1dea8f2838a1e) Importer(815301076,1909f56bfc062723c751e8b465ee728b)
Start importing Assets/Tiles/Tent_1_5.asset using Guid(d92feb4d3c686b1449c1dea8f2838a1e) Importer(815301076,1909f56bfc062723c751e8b465ee728b)  -> (artifact id: '337485f5d3d2fcf670146f4599a21758') in 0.024272 seconds 
========================================================================
Received Import Request.
  Time since last request: 0.000028 seconds.
  path: Assets/Tiles/Roads_stone_17.asset
  artifactKey: Guid(e28677cfe0461064e8780e9ec40d90e2) Importer(815301076,1909f56bfc062723c751e8b465ee728b)
Start importing Assets/Tiles/Roads_stone_17.asset using Guid(e28677cfe0461064e8780e9ec40d90e2) Importer(815301076,1909f56bfc062723c751e8b465ee728b)  -> (artifact id: '8b514b170be42a93718787f76f301dcd') in 0.028159 seconds 
========================================================================
Received Import Request.
  Time since last request: 0.000028 seconds.
  path: Assets/Tiles/Roads_8.asset
  artifactKey: Guid(eb308b03230414745b2e995cdc8f4500) Importer(815301076,1909f56bfc062723c751e8b465ee728b)
Start importing Assets/Tiles/Roads_8.asset using Guid(eb308b03230414745b2e995cdc8f4500) Importer(815301076,1909f56bfc062723c751e8b465ee728b)  -> (artifact id: '6d53839378742ef36936aaae91af1fb4') in 0.021170 seconds 
========================================================================
Received Import Request.
  Time since last request: 0.000025 seconds.
  path: Assets/Tiles/Tree_medium_1_0.asset
  artifactKey: Guid(8d8830ea22ece784fa0ce7516deea3b8) Importer(815301076,1909f56bfc062723c751e8b465ee728b)
Start importing Assets/Tiles/Tree_medium_1_0.asset using Guid(8d8830ea22ece784fa0ce7516deea3b8) Importer(815301076,1909f56bfc062723c751e8b465ee728b)  -> (artifact id: '5f4a994374e5220dd53b69ab9eb7488d') in 0.033410 seconds 
========================================================================
Received Import Request.
  Time since last request: 0.000024 seconds.
  path: Assets/Tiles/Tent_1_8.asset
  artifactKey: Guid(183ac71e070633749828f756cf4de1e3) Importer(815301076,1909f56bfc062723c751e8b465ee728b)
Start importing Assets/Tiles/Tent_1_8.asset using Guid(183ac71e070633749828f756cf4de1e3) Importer(815301076,1909f56bfc062723c751e8b465ee728b)  -> (artifact id: '96ce212514799d5a6994be5604bcd45a') in 0.026625 seconds 
========================================================================
Received Import Request.
  Time since last request: 0.000089 seconds.
  path: Assets/Tiles/Roads_stone_12.asset
  artifactKey: Guid(151f00716f4f8d24fb6d277b25aac587) Importer(815301076,1909f56bfc062723c751e8b465ee728b)
Start importing Assets/Tiles/Roads_stone_12.asset using Guid(151f00716f4f8d24fb6d277b25aac587) Importer(815301076,1909f56bfc062723c751e8b465ee728b)  -> (artifact id: 'd648f9e93979b3abcebb06159248f0f2') in 0.030545 seconds 
========================================================================
Received Import Request.
  Time since last request: 0.000038 seconds.
  path: Assets/Tiles/Tree_small_1_0.asset
  artifactKey: Guid(6951121591f38b74fa399b782d0268d7) Importer(815301076,1909f56bfc062723c751e8b465ee728b)
Start importing Assets/Tiles/Tree_small_1_0.asset using Guid(6951121591f38b74fa399b782d0268d7) Importer(815301076,1909f56bfc062723c751e8b465ee728b)  -> (artifact id: '1c8ee936860d7bb1102541b9b642615c') in 0.034874 seconds 
========================================================================
Received Import Request.
  Time since last request: 3.178972 seconds.
  path: Assets/Sprites/Chest_mimic.png
  artifactKey: Guid(a180a5e33d0868b4b852d7f90931735b) Importer(815301076,1909f56bfc062723c751e8b465ee728b)
Start importing Assets/Sprites/Chest_mimic.png using Guid(a180a5e33d0868b4b852d7f90931735b) Importer(815301076,1909f56bfc062723c751e8b465ee728b)  -> (artifact id: '801273439bee6b967f6ffa91682b20aa') in 0.203013 seconds 
========================================================================
Received Import Request.
  Time since last request: 0.000033 seconds.
  path: Assets/Sprites/Flower_4.png
  artifactKey: Guid(e6a9eea1a2b8ace47941ef89cb353c15) Importer(815301076,1909f56bfc062723c751e8b465ee728b)
Start importing Assets/Sprites/Flower_4.png using Guid(e6a9eea1a2b8ace47941ef89cb353c15) Importer(815301076,1909f56bfc062723c751e8b465ee728b)  -> (artifact id: '74687a09751f062f1eabde95a08475cf') in 0.035377 seconds 
========================================================================
Received Import Request.
  Time since last request: 0.000070 seconds.
  path: Assets/Sprites/Grass.png
  artifactKey: Guid(49f40265e897c7a48a89655329fb5687) Importer(815301076,1909f56bfc062723c751e8b465ee728b)
Start importing Assets/Sprites/Grass.png using Guid(49f40265e897c7a48a89655329fb5687) Importer(815301076,1909f56bfc062723c751e8b465ee728b)  -> (artifact id: '9a374781f650e59fc1aa8d22eb358ebf') in 0.133641 seconds 
========================================================================
Received Import Request.
  Time since last request: 0.000065 seconds.
  path: Assets/Sprites/Potion_green.png
  artifactKey: Guid(6f9d9f6d6de8fda4497e34ec9c5b5536) Importer(815301076,1909f56bfc062723c751e8b465ee728b)
Start importing Assets/Sprites/Potion_green.png using Guid(6f9d9f6d6de8fda4497e34ec9c5b5536) Importer(815301076,1909f56bfc062723c751e8b465ee728b)  -> (artifact id: '7af1f55242d1d38c1be24f5d379ed763') in 0.037543 seconds 
========================================================================
Received Import Request.
  Time since last request: 0.000031 seconds.
  path: Assets/Sprites/Crops (sunflower).png
  artifactKey: Guid(fcea26d65886caa40804985e47c1b343) Importer(815301076,1909f56bfc062723c751e8b465ee728b)
Start importing Assets/Sprites/Crops (sunflower).png using Guid(fcea26d65886caa40804985e47c1b343) Importer(815301076,1909f56bfc062723c751e8b465ee728b)  -> (artifact id: '5f14a51697aca0ad635ef1f56723019c') in 0.066388 seconds 
========================================================================
Received Import Request.
  Time since last request: 0.047300 seconds.
  path: Assets/Sprites/Tree_medium_2.png
  artifactKey: Guid(eaa2c6c811ecf89488d2c2023eae836a) Importer(815301076,1909f56bfc062723c751e8b465ee728b)
Start importing Assets/Sprites/Tree_medium_2.png using Guid(eaa2c6c811ecf89488d2c2023eae836a) Importer(815301076,1909f56bfc062723c751e8b465ee728b)  -> (artifact id: '0a41ec4c8ffcdf93929d4de7eb42e06e') in 0.055654 seconds 
========================================================================
Received Import Request.
  Time since last request: 0.000030 seconds.
  path: Assets/Sprites/Wooden sign (shield).png
  artifactKey: Guid(09ed33141eca6e84ca32891ce160a585) Importer(815301076,1909f56bfc062723c751e8b465ee728b)
Start importing Assets/Sprites/Wooden sign (shield).png using Guid(09ed33141eca6e84ca32891ce160a585) Importer(815301076,1909f56bfc062723c751e8b465ee728b)  -> (artifact id: '505ad420f2feff862aede1c9ded38912') in 0.031943 seconds 
========================================================================
Received Import Request.
  Time since last request: 0.000042 seconds.
  path: Assets/Sprites/Wooden sign (potion).png
  artifactKey: Guid(ec622e2f80712a04984bfa1f3ae74c81) Importer(815301076,1909f56bfc062723c751e8b465ee728b)
Start importing Assets/Sprites/Wooden sign (potion).png using Guid(ec622e2f80712a04984bfa1f3ae74c81) Importer(815301076,1909f56bfc062723c751e8b465ee728b)  -> (artifact id: 'd91ecd7313317099467befed5b929e6f') in 0.025813 seconds 
Editor requested this worker to shutdown with reason: Scaling down because of idle timeout
AssetImportWorker is now disconnected from the server
Process exiting
Exiting without the bug reporter. Application will terminate with return code 0